#
# A fatal error has been detected by the Java Runtime Environment:
#
#  EXCEPTION_ACCESS_VIOLATION (0xc0000005) at pc=0x603c8779, pid=4488, tid=7236
#
# JRE version: 7.0_05-b05
# Java VM: Java HotSpot(TM) Client VM (23.1-b03 mixed mode, sharing windows-x86 )
# Problematic frame:
# V  [jvm.dll+0xa8779]
#
# Failed to write core dump. Minidumps are not enabled by default on client versions of Windows
#
# If you would like to submit a bug report, please visit:
#   http://bugreport.sun.com/bugreport/crash.jsp
#

---------------  T H R E A D  ---------------

Current thread (0x09ca1400):  JavaThread "Thread-5048" [_thread_in_vm, id=7236, stack(0x14ab0000,0x14b00000)]

siginfo: ExceptionCode=0xc0000005, reading address 0x00000000

Registers:
EAX=0x00000000, EBX=0x06072601, ECX=0x00000000, EDX=0x00000000
ESP=0x14afedac, EBP=0x14afedb8, ESI=0x09ca1400, EDI=0x06072658
EIP=0x603c8779, EFLAGS=0x00010202

Top of Stack: (sp=0x14afedac)
0x14afedac:   14afee40 00000000 06072658 14aff028
0x14afedbc:   10004228 09ca1528 06072658 00000000
0x14afedcc:   14afee30 14afeff4 778efa84 00000020
0x14afeddc:   100041b7 60323d03 09ca1400 725c3c65
0x14afedec:   00000000 14afee24 60323d03 00000020
0x14afedfc:   100041a3 00000001 09ca1400 3433f3d0
0x14afee0c:   14afedfc 14afee20 14aff47c 725c3c51
0x14afee1c:   10004185 fffffffe 14afee38 603c899d 

Instructions: (pc=0x603c8779)
0x603c8759:   b2 09 00 33 f6 eb 02 8b f1 6a 06 56 e8 26 b6 f5
0x603c8769:   ff 8b 7d 0c 83 c4 08 b3 01 85 ff 74 3d 8b 45 10
0x603c8779:   8b 00 50 32 db e8 1d 6c f7 ff 83 c4 04 85 c0 74
0x603c8789:   29 8b 0f 8b 49 04 8b 50 10 83 c1 08 39 44 0a f8 


Register to memory mapping:

EAX=0x00000000 is an unknown value
EBX=0x06072601 is an unknown value
ECX=0x00000000 is an unknown value
EDX=0x00000000 is an unknown value
ESP=0x14afedac is pointing into the stack for thread: 0x09ca1400
EBP=0x14afedb8 is pointing into the stack for thread: 0x09ca1400
ESI=0x09ca1400 is a thread
EDI=0x06072658 is an unknown value


Stack: [0x14ab0000,0x14b00000],  sp=0x14afedac,  free space=315k
Native frames: (J=compiled Java code, j=interpreted, Vv=VM code, C=native code)
V  [jvm.dll+0xa8779]
C  [jna4303917574759490650.dll+0x4228]  Java_com_sun_jna_Native_getString+0x758
C  [jna4303917574759490650.dll+0x4e7e]  Java_com_sun_jna_Native_invokePointer+0x2e
j  com.sun.jna.Native.invokePointer(JI[Ljava/lang/Object;)J+0
j  com.sun.jna.Function.invokePointer(I[Ljava/lang/Object;)Lcom/sun/jna/Pointer;+6
j  com.sun.jna.Function.invoke([Ljava/lang/Object;Ljava/lang/Class;Z)Ljava/lang/Object;+642
J  com.sun.jna.Function.invoke(Ljava/lang/Class;[Ljava/lang/Object;Ljava/util/Map;)Ljava/lang/Object;
j  $Proxy11.libvlc_media_event_manager(Luk/co/caprica/vlcj/binding/internal/libvlc_media_t;)Luk/co/caprica/vlcj/binding/internal/libvlc_event_manager_t;+16
j  uk.co.caprica.vlcj.player.DefaultMediaPlayer.deregisterMediaEventListener()V+25
j  uk.co.caprica.vlcj.player.DefaultMediaPlayer.destroyInstance()V+21
j  uk.co.caprica.vlcj.player.DefaultMediaPlayer.release()V+23
j  de.dfki.covida.ui.components.video.VideoComponent.cleanUp()Z+123
j  de.dfki.covida.ui.CovidaBoard$1.run()V+31
j  java.lang.Thread.run()V+11
v  ~StubRoutines::call_stub
V  [jvm.dll+0x12964a]
V  [jvm.dll+0x1d851e]
V  [jvm.dll+0x129833]
V  [jvm.dll+0x129897]
V  [jvm.dll+0xd24af]
V  [jvm.dll+0x149977]
V  [jvm.dll+0x149ae0]
V  [jvm.dll+0x17e049]
C  [msvcr100.dll+0x5c6de]  endthreadex+0x3a
C  [msvcr100.dll+0x5c788]  endthreadex+0xe4
C  [kernel32.dll+0x1339a]  BaseThreadInitThunk+0x12
C  [ntdll.dll+0x39ef2]  RtlInitializeExceptionChain+0x63
C  [ntdll.dll+0x39ec5]  RtlInitializeExceptionChain+0x36

Java frames: (J=compiled Java code, j=interpreted, Vv=VM code)
j  com.sun.jna.Native.invokePointer(JI[Ljava/lang/Object;)J+0
j  com.sun.jna.Function.invokePointer(I[Ljava/lang/Object;)Lcom/sun/jna/Pointer;+6
j  com.sun.jna.Function.invoke([Ljava/lang/Object;Ljava/lang/Class;Z)Ljava/lang/Object;+642
J  com.sun.jna.Function.invoke(Ljava/lang/Class;[Ljava/lang/Object;Ljava/util/Map;)Ljava/lang/Object;
j  com.sun.jna.Library$Handler.invoke(Ljava/lang/Object;Ljava/lang/reflect/Method;[Ljava/lang/Object;)Ljava/lang/Object;+341
j  $Proxy11.libvlc_media_event_manager(Luk/co/caprica/vlcj/binding/internal/libvlc_media_t;)Luk/co/caprica/vlcj/binding/internal/libvlc_event_manager_t;+16
j  uk.co.caprica.vlcj.player.DefaultMediaPlayer.deregisterMediaEventListener()V+25
j  uk.co.caprica.vlcj.player.DefaultMediaPlayer.destroyInstance()V+21
j  uk.co.caprica.vlcj.player.DefaultMediaPlayer.release()V+23
j  de.dfki.covida.ui.components.video.VideoComponent.cleanUp()Z+123
j  de.dfki.covida.ui.CovidaBoard$1.run()V+31
j  java.lang.Thread.run()V+11
v  ~StubRoutines::call_stub

---------------  P R O C E S S  ---------------

Java Threads: ( => current thread )
  0x09d0ac00 JavaThread "Thread-5056" [_thread_in_vm, id=6960, stack(0x165e0000,0x16630000)]
  0x09ec8c00 JavaThread "Thread-5055" [_thread_in_vm, id=2544, stack(0x16a40000,0x16a90000)]
  0x09ca2800 JavaThread "Thread-5" daemon [_thread_in_native, id=4192, stack(0x16b40000,0x16b90000)]
=>0x09ca1400 JavaThread "Thread-5048" [_thread_in_vm, id=7236, stack(0x14ab0000,0x14b00000)]
  0x06190800 JavaThread "Thread-1059" [_thread_blocked, id=7416, stack(0x128e0000,0x12930000)]
  0x06190000 JavaThread "pool-7-thread-1" [_thread_blocked, id=7900, stack(0x10c20000,0x10c70000)]
  0x09ed5400 JavaThread "pool-5-thread-1" [_thread_blocked, id=7676, stack(0x116a0000,0x116f0000)]
  0x09afb400 JavaThread "AWT-EventQueue-0" [_thread_blocked, id=4968, stack(0x0e750000,0x0e7a0000)]
  0x05f77000 JavaThread "AWT-Shutdown" [_thread_blocked, id=4452, stack(0x06660000,0x066b0000)]
  0x05f76c00 JavaThread "Java2D Disposer" daemon [_thread_blocked, id=6016, stack(0x06580000,0x065d0000)]
  0x05f10800 JavaThread "Application Event Handler" [_thread_in_native, id=6176, stack(0x06420000,0x06470000)]
  0x05f33400 JavaThread "Client Connector" [_thread_in_native, id=1244, stack(0x061e0000,0x06230000)]
  0x002cd400 JavaThread "DestroyJavaVM" [_thread_blocked, id=6880, stack(0x00540000,0x00590000)]
  0x04b85400 JavaThread "Thread-3" [_thread_blocked, id=6152, stack(0x05830000,0x05880000)]
  0x05e95000 JavaThread "Control Client Connector" [_thread_in_native, id=6760, stack(0x055b0000,0x05600000)]
  0x05e94c00 JavaThread "Client Connector" [_thread_in_native, id=6188, stack(0x05cd0000,0x05d20000)]
  0x04a80800 JavaThread "Thread-2" [_thread_in_native, id=7896, stack(0x05c80000,0x05cd0000)]
  0x05e10000 JavaThread "Touch&Write" [_thread_blocked, id=6204, stack(0x05760000,0x057b0000)]
  0x009a3800 JavaThread "Service Thread" daemon [_thread_blocked, id=6924, stack(0x049b0000,0x04a00000)]
  0x009a2000 JavaThread "C1 CompilerThread0" daemon [_thread_blocked, id=1756, stack(0x01210000,0x01260000)]
  0x009a0c00 JavaThread "Attach Listener" daemon [_thread_blocked, id=8088, stack(0x04840000,0x04890000)]
  0x0099dc00 JavaThread "Signal Dispatcher" daemon [_thread_blocked, id=6104, stack(0x047f0000,0x04840000)]
  0x0098b400 JavaThread "Finalizer" daemon [_thread_blocked, id=5128, stack(0x01290000,0x012e0000)]
  0x00986800 JavaThread "Reference Handler" daemon [_thread_blocked, id=6248, stack(0x010c0000,0x01110000)]

Other Threads:
  0x00983c00 VMThread [stack: 0x00ff0000,0x01040000] [id=5192]
  0x009b1800 WatcherThread [stack: 0x011b0000,0x01200000] [id=6360]

VM state:not at safepoint (normal execution)

VM Mutex/Monitor currently owned by a thread: None

Heap
 def new generation   total 30528K, used 23324K [0x24310000, 0x26430000, 0x29860000)
  eden space 27136K,  83% used [0x24310000, 0x25936ea0, 0x25d90000)
  from space 3392K,  18% used [0x25d90000, 0x25e302b8, 0x260e0000)
  to   space 3392K,   0% used [0x260e0000, 0x260e0000, 0x26430000)
 tenured generation   total 67640K, used 65106K [0x29860000, 0x2da6e000, 0x34310000)
   the space 67640K,  96% used [0x29860000, 0x2d7f4b20, 0x2d7f4c00, 0x2da6e000)
 compacting perm gen  total 12288K, used 8411K [0x34310000, 0x34f10000, 0x38310000)
   the space 12288K,  68% used [0x34310000, 0x34b46da8, 0x34b46e00, 0x34f10000)
    ro space 10240K,  45% used [0x38310000, 0x38793960, 0x38793a00, 0x38d10000)
    rw space 12288K,  54% used [0x38d10000, 0x393974d8, 0x39397600, 0x39910000)

Code Cache  [0x02730000, 0x02a88000, 0x04730000)
 total_blobs=2035 nmethods=1719 adapters=250 free_code_cache=29361Kb largest_free_block=30065408

Compilation events (10 events):
Event: 32.331 Thread 0x009a2000 1726             java.util.concurrent.Semaphore::acquireUninterruptibly (9 bytes)
Event: 32.331 Thread 0x009a2000 nmethod 1726 0x02a7f2c8 code [0x02a7f3e0, 0x02a7f4b8]
Event: 32.331 Thread 0x009a2000 1727             java.util.concurrent.Semaphore$NonfairSync::tryAcquireShared (6 bytes)
Event: 32.331 Thread 0x009a2000 nmethod 1727 0x02a7f588 code [0x02a7f680, 0x02a7f730]
Event: 32.549 Thread 0x009a2000 1728   !         com.sun.jna.Structure$FFIType::get (369 bytes)
Event: 32.553 Thread 0x009a2000 nmethod 1728 0x02a7f7c8 code [0x02a7fc60, 0x02a812a8]
Event: 32.553 Thread 0x009a2000 1729             com.sun.jna.Structure$FFIType::get (33 bytes)
Event: 32.553 Thread 0x009a2000 nmethod 1729 0x02a83688 code [0x02a837a0, 0x02a838b8]
Event: 32.577 Thread 0x009a2000 1730  s          sun.font.TrueTypeFont::close (8 bytes)
Event: 32.577 Thread 0x009a2000 nmethod 1730 0x02a83988 code [0x02a83a90, 0x02a83c6c]

GC Heap History (10 events):
Event: 24.162 GC heap before
{Heap before GC invocations=77 (full 6):
 def new generation   total 30528K, used 27781K [0x24310000, 0x26430000, 0x29860000)
  eden space 27136K, 100% used [0x24310000, 0x25d90000, 0x25d90000)
  from space 3392K,  19% used [0x260e0000, 0x26181488, 0x26430000)
  to   space 3392K,   0% used [0x25d90000, 0x25d90000, 0x260e0000)
 tenured generation   total 67640K, used 65082K [0x29860000, 0x2da6e000, 0x34310000)
   the space 67640K,  96% used [0x29860000, 0x2d7eebd8, 0x2d7eec00, 0x2da6e000)
 compacting perm gen  total 12288K, used 8369K [0x34310000, 0x34f10000, 0x38310000)
   the space 12288K,  68% used [0x34310000, 0x34b3c7f0, 0x34b3c800, 0x34f10000)
    ro space 10240K,  45% used [0x38310000, 0x38793960, 0x38793a00, 0x38d10000)
    rw space 12288K,  54% used [0x38d10000, 0x393974d8, 0x39397600, 0x39910000)
Event: 24.165 GC heap after
Heap after GC invocations=78 (full 6):
 def new generation   total 30528K, used 631K [0x24310000, 0x26430000, 0x29860000)
  eden space 27136K,   0% used [0x24310000, 0x24310000, 0x25d90000)
  from space 3392K,  18% used [0x25d90000, 0x25e2dee0, 0x260e0000)
  to   space 3392K,   0% used [0x260e0000, 0x260e0000, 0x26430000)
 tenured generation   total 67640K, used 65106K [0x29860000, 0x2da6e000, 0x34310000)
   the space 67640K,  96% used [0x29860000, 0x2d7f4b20, 0x2d7f4c00, 0x2da6e000)
 compacting perm gen  total 12288K, used 8369K [0x34310000, 0x34f10000, 0x38310000)
   the space 12288K,  68% used [0x34310000, 0x34b3c7f0, 0x34b3c800, 0x34f10000)
    ro space 10240K,  45% used [0x38310000, 0x38793960, 0x38793a00, 0x38d10000)
    rw space 12288K,  54% used [0x38d10000, 0x393974d8, 0x39397600, 0x39910000)
}
Event: 26.064 GC heap before
{Heap before GC invocations=78 (full 6):
 def new generation   total 30528K, used 27767K [0x24310000, 0x26430000, 0x29860000)
  eden space 27136K, 100% used [0x24310000, 0x25d90000, 0x25d90000)
  from space 3392K,  18% used [0x25d90000, 0x25e2dee0, 0x260e0000)
  to   space 3392K,   0% used [0x260e0000, 0x260e0000, 0x26430000)
 tenured generation   total 67640K, used 65106K [0x29860000, 0x2da6e000, 0x34310000)
   the space 67640K,  96% used [0x29860000, 0x2d7f4b20, 0x2d7f4c00, 0x2da6e000)
 compacting perm gen  total 12288K, used 8370K [0x34310000, 0x34f10000, 0x38310000)
   the space 12288K,  68% used [0x34310000, 0x34b3c800, 0x34b3c800, 0x34f10000)
    ro space 10240K,  45% used [0x38310000, 0x38793960, 0x38793a00, 0x38d10000)
    rw space 12288K,  54% used [0x38d10000, 0x393974d8, 0x39397600, 0x39910000)
Event: 26.067 GC heap after
Heap after GC invocations=79 (full 6):
 def new generation   total 30528K, used 637K [0x24310000, 0x26430000, 0x29860000)
  eden space 27136K,   0% used [0x24310000, 0x24310000, 0x25d90000)
  from space 3392K,  18% used [0x260e0000, 0x2617f770, 0x26430000)
  to   space 3392K,   0% used [0x25d90000, 0x25d90000, 0x260e0000)
 tenured generation   total 67640K, used 65106K [0x29860000, 0x2da6e000, 0x34310000)
   the space 67640K,  96% used [0x29860000, 0x2d7f4b20, 0x2d7f4c00, 0x2da6e000)
 compacting perm gen  total 12288K, used 8370K [0x34310000, 0x34f10000, 0x38310000)
   the space 12288K,  68% used [0x34310000, 0x34b3c800, 0x34b3c800, 0x34f10000)
    ro space 10240K,  45% used [0x38310000, 0x38793960, 0x38793a00, 0x38d10000)
    rw space 12288K,  54% used [0x38d10000, 0x393974d8, 0x39397600, 0x39910000)
}
Event: 27.697 GC heap before
{Heap before GC invocations=79 (full 6):
 def new generation   total 30528K, used 27773K [0x24310000, 0x26430000, 0x29860000)
  eden space 27136K, 100% used [0x24310000, 0x25d90000, 0x25d90000)
  from space 3392K,  18% used [0x260e0000, 0x2617f770, 0x26430000)
  to   space 3392K,   0% used [0x25d90000, 0x25d90000, 0x260e0000)
 tenured generation   total 67640K, used 65106K [0x29860000, 0x2da6e000, 0x34310000)
   the space 67640K,  96% used [0x29860000, 0x2d7f4b20, 0x2d7f4c00, 0x2da6e000)
 compacting perm gen  total 12288K, used 8370K [0x34310000, 0x34f10000, 0x38310000)
   the space 12288K,  68% used [0x34310000, 0x34b3c800, 0x34b3c800, 0x34f10000)
    ro space 10240K,  45% used [0x38310000, 0x38793960, 0x38793a00, 0x38d10000)
    rw space 12288K,  54% used [0x38d10000, 0x393974d8, 0x39397600, 0x39910000)
Event: 27.700 GC heap after
Heap after GC invocations=80 (full 6):
 def new generation   total 30528K, used 561K [0x24310000, 0x26430000, 0x29860000)
  eden space 27136K,   0% used [0x24310000, 0x24310000, 0x25d90000)
  from space 3392K,  16% used [0x25d90000, 0x25e1c490, 0x260e0000)
  to   space 3392K,   0% used [0x260e0000, 0x260e0000, 0x26430000)
 tenured generation   total 67640K, used 65106K [0x29860000, 0x2da6e000, 0x34310000)
   the space 67640K,  96% used [0x29860000, 0x2d7f4b20, 0x2d7f4c00, 0x2da6e000)
 compacting perm gen  total 12288K, used 8370K [0x34310000, 0x34f10000, 0x38310000)
   the space 12288K,  68% used [0x34310000, 0x34b3c800, 0x34b3c800, 0x34f10000)
    ro space 10240K,  45% used [0x38310000, 0x38793960, 0x38793a00, 0x38d10000)
    rw space 12288K,  54% used [0x38d10000, 0x393974d8, 0x39397600, 0x39910000)
}
Event: 29.261 GC heap before
{Heap before GC invocations=80 (full 6):
 def new generation   total 30528K, used 27697K [0x24310000, 0x26430000, 0x29860000)
  eden space 27136K, 100% used [0x24310000, 0x25d90000, 0x25d90000)
  from space 3392K,  16% used [0x25d90000, 0x25e1c490, 0x260e0000)
  to   space 3392K,   0% used [0x260e0000, 0x260e0000, 0x26430000)
 tenured generation   total 67640K, used 65106K [0x29860000, 0x2da6e000, 0x34310000)
   the space 67640K,  96% used [0x29860000, 0x2d7f4b20, 0x2d7f4c00, 0x2da6e000)
 compacting perm gen  total 12288K, used 8370K [0x34310000, 0x34f10000, 0x38310000)
   the space 12288K,  68% used [0x34310000, 0x34b3c810, 0x34b3ca00, 0x34f10000)
    ro space 10240K,  45% used [0x38310000, 0x38793960, 0x38793a00, 0x38d10000)
    rw space 12288K,  54% used [0x38d10000, 0x393974d8, 0x39397600, 0x39910000)
Event: 29.263 GC heap after
Heap after GC invocations=81 (full 6):
 def new generation   total 30528K, used 622K [0x24310000, 0x26430000, 0x29860000)
  eden space 27136K,   0% used [0x24310000, 0x24310000, 0x25d90000)
  from space 3392K,  18% used [0x260e0000, 0x2617b9b8, 0x26430000)
  to   space 3392K,   0% used [0x25d90000, 0x25d90000, 0x260e0000)
 tenured generation   total 67640K, used 65106K [0x29860000, 0x2da6e000, 0x34310000)
   the space 67640K,  96% used [0x29860000, 0x2d7f4b20, 0x2d7f4c00, 0x2da6e000)
 compacting perm gen  total 12288K, used 8370K [0x34310000, 0x34f10000, 0x38310000)
   the space 12288K,  68% used [0x34310000, 0x34b3c810, 0x34b3ca00, 0x34f10000)
    ro space 10240K,  45% used [0x38310000, 0x38793960, 0x38793a00, 0x38d10000)
    rw space 12288K,  54% used [0x38d10000, 0x393974d8, 0x39397600, 0x39910000)
}
Event: 31.203 GC heap before
{Heap before GC invocations=81 (full 6):
 def new generation   total 30528K, used 27758K [0x24310000, 0x26430000, 0x29860000)
  eden space 27136K, 100% used [0x24310000, 0x25d90000, 0x25d90000)
  from space 3392K,  18% used [0x260e0000, 0x2617b9b8, 0x26430000)
  to   space 3392K,   0% used [0x25d90000, 0x25d90000, 0x260e0000)
 tenured generation   total 67640K, used 65106K [0x29860000, 0x2da6e000, 0x34310000)
   the space 67640K,  96% used [0x29860000, 0x2d7f4b20, 0x2d7f4c00, 0x2da6e000)
 compacting perm gen  total 12288K, used 8370K [0x34310000, 0x34f10000, 0x38310000)
   the space 12288K,  68% used [0x34310000, 0x34b3c810, 0x34b3ca00, 0x34f10000)
    ro space 10240K,  45% used [0x38310000, 0x38793960, 0x38793a00, 0x38d10000)
    rw space 12288K,  54% used [0x38d10000, 0x393974d8, 0x39397600, 0x39910000)
Event: 31.206 GC heap after
Heap after GC invocations=82 (full 6):
 def new generation   total 30528K, used 640K [0x24310000, 0x26430000, 0x29860000)
  eden space 27136K,   0% used [0x24310000, 0x24310000, 0x25d90000)
  from space 3392K,  18% used [0x25d90000, 0x25e302b8, 0x260e0000)
  to   space 3392K,   0% used [0x260e0000, 0x260e0000, 0x26430000)
 tenured generation   total 67640K, used 65106K [0x29860000, 0x2da6e000, 0x34310000)
   the space 67640K,  96% used [0x29860000, 0x2d7f4b20, 0x2d7f4c00, 0x2da6e000)
 compacting perm gen  total 12288K, used 8370K [0x34310000, 0x34f10000, 0x38310000)
   the space 12288K,  68% used [0x34310000, 0x34b3c810, 0x34b3ca00, 0x34f10000)
    ro space 10240K,  45% used [0x38310000, 0x38793960, 0x38793a00, 0x38d10000)
    rw space 12288K,  54% used [0x38d10000, 0x393974d8, 0x39397600, 0x39910000)
}

Deoptimization events (0 events):
No events

Internal exceptions (10 events):
Event: 32.467 Thread 0x04b85400 Threw 0x255dc9c0 at C:\jdk7u5_32P\jdk7u5\hotspot\src\share\vm\runtime\sharedRuntime.cpp:613
Event: 32.467 Thread 0x04b85400 Threw 0x255dcb18 at C:\jdk7u5_32P\jdk7u5\hotspot\src\share\vm\runtime\sharedRuntime.cpp:613
Event: 32.467 Thread 0x04b85400 Threw 0x255dcc88 at C:\jdk7u5_32P\jdk7u5\hotspot\src\share\vm\runtime\sharedRuntime.cpp:613
Event: 32.467 Thread 0x04b85400 Threw 0x255dcde0 at C:\jdk7u5_32P\jdk7u5\hotspot\src\share\vm\runtime\sharedRuntime.cpp:613
Event: 32.467 Thread 0x04b85400 Threw 0x255dcf50 at C:\jdk7u5_32P\jdk7u5\hotspot\src\share\vm\runtime\sharedRuntime.cpp:613
Event: 32.467 Thread 0x04b85400 Threw 0x255dd0a8 at C:\jdk7u5_32P\jdk7u5\hotspot\src\share\vm\runtime\sharedRuntime.cpp:613
Event: 32.551 Thread 0x04b85400 Threw 0x25801108 at C:\jdk7u5_32P\jdk7u5\hotspot\src\share\vm\prims\jvm.cpp:1166
Event: 32.553 Thread 0x04b85400 Threw 0x2580a330 at C:\jdk7u5_32P\jdk7u5\hotspot\src\share\vm\prims\jvm.cpp:1166
Event: 32.554 Thread 0x04b85400 Threw 0x25814f48 at C:\jdk7u5_32P\jdk7u5\hotspot\src\share\vm\prims\jvm.cpp:1166
Event: 32.563 Thread 0x04b85400 Threw 0x25819698 at C:\jdk7u5_32P\jdk7u5\hotspot\src\share\vm\prims\jvm.cpp:1166

Events (10 events):
Event: 32.576 loading class 0x061200c0
Event: 32.576 Thread 0x09ca3000 Thread exited: 0x09ca3000
Event: 32.576 loading class 0x05f6f0d8
Event: 32.577 loading class 0x05f6f0d8 done
Event: 32.577 loading class 0x061200c0 done
Event: 32.577 loading class 0x39ab8170
Event: 32.577 loading class 0x05fe89e0
Event: 32.577 loading class 0x39ab8170 done
Event: 32.577 loading class 0x05fe89e0 done
Event: 32.578 Thread 0x0618e800 Thread exited: 0x0618e800


Dynamic libraries:
0x01300000 - 0x0132f000 	C:\Program Files (x86)\Java\jdk1.7.0_05\bin\java.exe
0x778c0000 - 0x77a40000 	C:\Windows\SysWOW64\ntdll.dll
0x75b20000 - 0x75c30000 	C:\Windows\syswow64\kernel32.dll
0x75f00000 - 0x75f46000 	C:\Windows\syswow64\KERNELBASE.dll
0x75d50000 - 0x75df0000 	C:\Windows\syswow64\ADVAPI32.dll
0x76d60000 - 0x76e0c000 	C:\Windows\syswow64\msvcrt.dll
0x75df0000 - 0x75e09000 	C:\Windows\SysWOW64\sechost.dll
0x75e10000 - 0x75f00000 	C:\Windows\syswow64\RPCRT4.dll
0x74fa0000 - 0x75000000 	C:\Windows\syswow64\SspiCli.dll
0x74f90000 - 0x74f9c000 	C:\Windows\syswow64\CRYPTBASE.dll
0x76c10000 - 0x76d10000 	C:\Windows\syswow64\USER32.dll
0x75320000 - 0x753b0000 	C:\Windows\syswow64\GDI32.dll
0x75950000 - 0x7595a000 	C:\Windows\syswow64\LPK.dll
0x75280000 - 0x7531d000 	C:\Windows\syswow64\USP10.dll
0x719b0000 - 0x71b4e000 	C:\Windows\WinSxS\x86_microsoft.windows.common-controls_6595b64144ccf1df_6.0.7601.17514_none_41e6975e2bd6f2b2\COMCTL32.dll
0x753b0000 - 0x75407000 	C:\Windows\syswow64\SHLWAPI.dll
0x75f50000 - 0x75fb0000 	C:\Windows\system32\IMM32.DLL
0x751b0000 - 0x7527c000 	C:\Windows\syswow64\MSCTF.dll
0x60670000 - 0x6072e000 	C:\Program Files (x86)\Java\jdk1.7.0_05\jre\bin\msvcr100.dll
0x60320000 - 0x6066a000 	C:\Program Files (x86)\Java\jdk1.7.0_05\jre\bin\client\jvm.dll
0x71170000 - 0x71177000 	C:\Windows\system32\WSOCK32.dll
0x75410000 - 0x75445000 	C:\Windows\syswow64\WS2_32.dll
0x751a0000 - 0x751a6000 	C:\Windows\syswow64\NSI.dll
0x73ab0000 - 0x73ae2000 	C:\Windows\system32\WINMM.dll
0x76c00000 - 0x76c05000 	C:\Windows\syswow64\PSAPI.DLL
0x71b50000 - 0x71b5c000 	C:\Program Files (x86)\Java\jdk1.7.0_05\jre\bin\verify.dll
0x709a0000 - 0x709c0000 	C:\Program Files (x86)\Java\jdk1.7.0_05\jre\bin\java.dll
0x70aa0000 - 0x70ab3000 	C:\Program Files (x86)\Java\jdk1.7.0_05\jre\bin\zip.dll
0x72890000 - 0x728a6000 	C:\Windows\system32\CRYPTSP.dll
0x72850000 - 0x7288b000 	C:\Windows\system32\rsaenh.dll
0x72210000 - 0x72227000 	C:\Windows\system32\USERENV.dll
0x72440000 - 0x7244b000 	C:\Windows\system32\profapi.dll
0x70770000 - 0x70784000 	C:\Program Files (x86)\Java\jdk1.7.0_05\jre\bin\net.dll
0x72b70000 - 0x72ba1000 	C:\Program Files (x86)\Kabel Deutschland\Sicherheitspaket\FSPS\program\FSLSP.DLL
0x17330000 - 0x17347000 	c:\program files (x86)\kabel deutschland\sicherheitspaket\scanner-interface\fsgkiapi.dll
0x72b30000 - 0x72b6c000 	C:\Windows\system32\mswsock.dll
0x72050000 - 0x72056000 	C:\Windows\System32\wship6.dll
0x71bd0000 - 0x71be0000 	C:\Windows\system32\NLAapi.dll
0x71bc0000 - 0x71bd0000 	C:\Windows\system32\napinsp.dll
0x71ba0000 - 0x71bb2000 	C:\Windows\system32\pnrpnsp.dll
0x72170000 - 0x721b4000 	C:\Windows\system32\DNSAPI.dll
0x71b90000 - 0x71b98000 	C:\Windows\System32\winrnr.dll
0x71b80000 - 0x71b8d000 	C:\Windows\system32\wshbth.dll
0x72b20000 - 0x72b25000 	C:\Windows\System32\wshtcpip.dll
0x721d0000 - 0x721ec000 	C:\Windows\system32\IPHLPAPI.DLL
0x721c0000 - 0x721c7000 	C:\Windows\system32\WINNSI.DLL
0x71d10000 - 0x71d16000 	C:\Windows\system32\rasadhlp.dll
0x71cd0000 - 0x71d08000 	C:\Windows\System32\fwpuclnt.dll
0x72e50000 - 0x72e5f000 	C:\Program Files (x86)\Java\jdk1.7.0_05\jre\bin\nio.dll
0x10000000 - 0x10055000 	C:\Users\Tobias\AppData\Local\Temp\jna4303917574759490650.dll
0x01110000 - 0x01135000 	C:\Users\Tobias\AppData\Local\Temp\bluecove_Tobias_0\intelbth.dll
0x05980000 - 0x059f3000 	I:\Dropbox\dfki\covida\CoVidA\native-libs\lwjgl.dll
0x657a0000 - 0x65868000 	C:\Windows\system32\OPENGL32.dll
0x70940000 - 0x70962000 	C:\Windows\system32\GLU32.dll
0x60230000 - 0x60317000 	C:\Windows\system32\DDRAW.dll
0x71420000 - 0x71426000 	C:\Windows\system32\DCIMAN32.dll
0x75630000 - 0x757cd000 	C:\Windows\syswow64\SETUPAPI.dll
0x75800000 - 0x75827000 	C:\Windows\syswow64\CFGMGR32.dll
0x75480000 - 0x7550f000 	C:\Windows\syswow64\OLEAUT32.dll
0x76ea0000 - 0x76ffc000 	C:\Windows\syswow64\ole32.dll
0x757d0000 - 0x757e2000 	C:\Windows\syswow64\DEVOBJ.dll
0x713a0000 - 0x713b3000 	C:\Windows\system32\dwmapi.dll
0x74ec0000 - 0x74ec9000 	C:\Windows\system32\VERSION.dll
0x600e0000 - 0x60222000 	C:\Program Files (x86)\Java\jdk1.7.0_05\jre\bin\awt.dll
0x71520000 - 0x715a0000 	C:\Windows\system32\uxtheme.dll
0x052a0000 - 0x052df000 	C:\Program Files (x86)\Kabel Deutschland\Sicherheitspaket\Spam Control\fsscoepl.dll
0x75fb0000 - 0x76bfa000 	C:\Windows\syswow64\SHELL32.dll
0x5bb40000 - 0x5ce19000 	C:\Windows\system32\nvoglv32.DLL
0x74e30000 - 0x74e51000 	C:\Windows\system32\ntmarta.dll
0x76d10000 - 0x76d55000 	C:\Windows\syswow64\WLDAP32.dll
0x76e10000 - 0x76e93000 	C:\Windows\syswow64\CLBCatQ.DLL
0x73580000 - 0x735f9000 	C:\Windows\system32\mscms.dll
0x6c730000 - 0x6c768000 	C:\Windows\system32\icm32.dll
0x6e150000 - 0x6e17a000 	C:\Program Files (x86)\Java\jdk1.7.0_05\jre\bin\fontmanager.dll
0x73600000 - 0x73625000 	C:\Windows\system32\powrprof.dll
0x6dba0000 - 0x6dbd1000 	C:\Program Files (x86)\Java\jdk1.7.0_05\jre\bin\t2k.dll
0x6dcf0000 - 0x6dd15000 	C:\Program Files (x86)\Java\jdk1.7.0_05\jre\bin\jpeg.dll
0x6c810000 - 0x6c83d000 	C:\Program Files (x86)\Java\jdk1.7.0_05\jre\bin\kcms.dll
0x6b450000 - 0x6b472000 	C:\Program Files (x86)\VideoLAN\VLC\libvlc.dll
0x5fea0000 - 0x600d5000 	C:\Program Files (x86)\VideoLAN\VLC\libvlccore.dll
0x73680000 - 0x736f2000 	C:\Windows\system32\dsound.dll
0x73820000 - 0x73859000 	C:\Windows\System32\MMDevApi.dll
0x73720000 - 0x73815000 	C:\Windows\System32\PROPSYS.dll
0x73870000 - 0x738a6000 	C:\Windows\system32\AUDIOSES.DLL
0x5eea0000 - 0x5eeb2000 	C:\Program Files (x86)\VideoLAN\VLC\plugins\audio_filter\libspeex_resampler_plugin.dll
0x65770000 - 0x65780000 	C:\Program Files (x86)\VideoLAN\VLC\plugins\audio_filter\libconverter_fixed_plugin.dll
0x67320000 - 0x6732f000 	C:\Program Files (x86)\VideoLAN\VLC\plugins\audio_filter\liba52tospdif_plugin.dll
0x5ee80000 - 0x5ee90000 	C:\Program Files (x86)\VideoLAN\VLC\plugins\audio_filter\libdtstospdif_plugin.dll
0x5ee90000 - 0x5eea0000 	C:\Program Files (x86)\VideoLAN\VLC\plugins\audio_filter\libsimple_channel_mixer_plugin.dll
0x5ee60000 - 0x5ee6f000 	C:\Program Files (x86)\VideoLAN\VLC\plugins\audio_filter\libdolby_surround_decoder_plugin.dll
0x5ee70000 - 0x5ee7f000 	C:\Program Files (x86)\VideoLAN\VLC\plugins\audio_filter\libugly_resampler_plugin.dll
0x5ee40000 - 0x5ee4f000 	C:\Program Files (x86)\VideoLAN\VLC\plugins\audio_filter\libtrivial_channel_mixer_plugin.dll
0x5ee20000 - 0x5ee32000 	C:\Program Files (x86)\VideoLAN\VLC\plugins\audio_filter\libaudio_format_plugin.dll
0x5ee50000 - 0x5ee5f000 	C:\Program Files (x86)\VideoLAN\VLC\plugins\audio_mixer\libfloat32_mixer_plugin.dll
0x5db50000 - 0x5db60000 	C:\Program Files (x86)\VideoLAN\VLC\plugins\audio_filter\libscaletempo_plugin.dll
0x6a700000 - 0x6a73b000 	C:\Program Files (x86)\VideoLAN\VLC\plugins\access\libdshow_plugin.dll
0x6a760000 - 0x6a773000 	C:\Program Files (x86)\VideoLAN\VLC\plugins\audio_output\libaout_directx_plugin.dll
0x6a740000 - 0x6a752000 	C:\Program Files (x86)\VideoLAN\VLC\plugins\audio_output\libwaveout_plugin.dll
0x6a660000 - 0x6a678000 	C:\Program Files (x86)\VideoLAN\VLC\plugins\video_output\libdirectx_plugin.dll
0x71370000 - 0x71380000 	C:\Program Files (x86)\VideoLAN\VLC\plugins\mmxext\libmemcpymmxext_plugin.dll
0x6a680000 - 0x6a692000 	C:\Program Files (x86)\VideoLAN\VLC\plugins\control\libhotkeys_plugin.dll
0x651f0000 - 0x65233000 	C:\Program Files (x86)\VideoLAN\VLC\plugins\access\liblibbluray_plugin.dll
0x6a520000 - 0x6a53d000 	C:\Program Files (x86)\VideoLAN\VLC\plugins\access\libaccess_bd_plugin.dll
0x67330000 - 0x67375000 	C:\Program Files (x86)\VideoLAN\VLC\plugins\access\libdvdnav_plugin.dll
0x65900000 - 0x65912000 	C:\Program Files (x86)\VideoLAN\VLC\plugins\access\libaccess_vdr_plugin.dll
0x65780000 - 0x65791000 	C:\Program Files (x86)\VideoLAN\VLC\plugins\access\libfilesystem_plugin.dll
0x5fda0000 - 0x5fe13000 	C:\Program Files (x86)\VideoLAN\VLC\plugins\stream_filter\libstream_filter_httplive_plugin.dll
0x5fce0000 - 0x5fd97000 	C:\Program Files (x86)\VideoLAN\VLC\plugins\stream_filter\libstream_filter_dash_plugin.dll
0x71490000 - 0x714a0000 	C:\Program Files (x86)\VideoLAN\VLC\plugins\access\libstream_filter_rar_plugin.dll
0x658e0000 - 0x658fb000 	C:\Program Files (x86)\VideoLAN\VLC\plugins\access\libzip_plugin.dll
0x71310000 - 0x7131f000 	C:\Program Files (x86)\VideoLAN\VLC\plugins\stream_filter\libstream_filter_record_plugin.dll
0x5fe60000 - 0x5fe96000 	C:\Program Files (x86)\VideoLAN\VLC\plugins\demux\libmp4_plugin.dll
0x5fe20000 - 0x5fe53000 	C:\Program Files (x86)\VideoLAN\VLC\plugins\codec\libpng_plugin.dll
0x70990000 - 0x709a0000 	C:\Program Files (x86)\VideoLAN\VLC\plugins\codec\libcdg_plugin.dll
0x5fa40000 - 0x5fb89000 	C:\Program Files (x86)\VideoLAN\VLC\plugins\codec\libschroedinger_plugin.dll
0x5fcc0000 - 0x5fcd3000 	C:\Program Files (x86)\VideoLAN\VLC\plugins\codec\libaraw_plugin.dll
0x5f890000 - 0x5fa3a000 	C:\Program Files (x86)\VideoLAN\VLC\plugins\codec\libvorbis_plugin.dll
0x5fca0000 - 0x5fcb1000 	C:\Program Files (x86)\VideoLAN\VLC\plugins\codec\libdts_plugin.dll
0x5fc30000 - 0x5fc91000 	C:\Program Files (x86)\VideoLAN\VLC\plugins\codec\libfaad_plugin.dll
0x5fc00000 - 0x5fc2c000 	C:\Program Files (x86)\VideoLAN\VLC\plugins\codec\libspeex_plugin.dll
0x70a90000 - 0x70aa0000 	C:\Program Files (x86)\VideoLAN\VLC\plugins\codec\libaes3_plugin.dll
0x5fb90000 - 0x5fbf5000 	C:\Program Files (x86)\VideoLAN\VLC\plugins\codec\libtheora_plugin.dll
0x5f7f0000 - 0x5f837000 	C:\Program Files (x86)\VideoLAN\VLC\plugins\codec\libflac_plugin.dll
0x5f620000 - 0x5f7ed000 	C:\Program Files (x86)\VideoLAN\VLC\plugins\codec\liblibass_plugin.dll
0x5f870000 - 0x5f881000 	C:\Program Files (x86)\VideoLAN\VLC\plugins\codec\libmpeg_audio_plugin.dll
0x5f850000 - 0x5f861000 	C:\Program Files (x86)\VideoLAN\VLC\plugins\codec\liblpcm_plugin.dll
0x5f570000 - 0x5f61c000 	C:\Program Files (x86)\VideoLAN\VLC\plugins\codec\libfluidsynth_plugin.dll
0x6b440000 - 0x6b450000 	C:\Program Files (x86)\VideoLAN\VLC\plugins\codec\liba52_plugin.dll

VM Arguments:
jvm_args: -Djava.library.path=native-libs 
java_command: de.dfki.covida.Covida_twtable -d -a
Launcher Type: SUN_STANDARD

Environment Variables:
JAVA_HOME=C:\Program Files (x86)\Java\jdk1.7.0_05
PATH=C:\Python27\Lib\site-packages\PyQt4;C:\Program Files (x86)\NVIDIA Corporation\PhysX\Common;D:\maven\bin;C:\Program Files (x86)\MiKTeX 2.8\miktex\bin;E:/workspace/TouchAndWriteTable/touchandwrite-sdk/touchandwrite-inputanalyser/lib/;C:\Windows\system32;C:\Windows;C:\Windows\System32\Wbem;C:\Windows\System32\WindowsPowerShell\v1.0\;C:\Program Files (x86)\Calibre2\;C:\Program Files\TortoiseSVN\bin;C:\Program Files\TortoiseHg\;D:\javacc-5.0\bin\;C:\Users\Tobias\AppData\Roaming\MiKTeX\2.8\miktex\bin\;C:\Program Files (x86)\Mercurial
USERNAME=Tobias
OS=Windows_NT
PROCESSOR_IDENTIFIER=Intel64 Family 6 Model 30 Stepping 5, GenuineIntel



---------------  S Y S T E M  ---------------

OS: Windows 7 , 64 bit Build 7601 Service Pack 1

CPU:total 4 (4 cores per cpu, 1 threads per core) family 6 model 30 stepping 5, cmov, cx8, fxsr, mmx, sse, sse2, sse3, ssse3, sse4.1, sse4.2, popcnt, tsc, tscinvbit

Memory: 4k page, physical 8386612k(4477260k free), swap 8384760k(4113676k free)

vm_info: Java HotSpot(TM) Client VM (23.1-b03) for windows-x86 JRE (1.7.0_05-b05), built on May 15 2012 18:11:27 by "java_re" with unknown MS VC++:1600

time: Wed Aug 22 17:25:24 2012
elapsed time: 32 seconds

