#
# A fatal error has been detected by the Java Runtime Environment:
#
#  EXCEPTION_ACCESS_VIOLATION (0xc0000005) at pc=0x5b158779, pid=6024, tid=7028
#
# JRE version: 7.0_05-b05
# Java VM: Java HotSpot(TM) Client VM (23.1-b03 mixed mode, sharing windows-x86 )
# Problematic frame:
# V  [jvm.dll+0xa8779]
#
# Failed to write core dump. Minidumps are not enabled by default on client versions of Windows
#
# If you would like to submit a bug report, please visit:
#   http://bugreport.sun.com/bugreport/crash.jsp
#

---------------  T H R E A D  ---------------

Current thread (0x09d10c00):  JavaThread "Thread-4787" [_thread_in_vm, id=7028, stack(0x15940000,0x15990000)]

siginfo: ExceptionCode=0xc0000005, reading address 0x00000000

Registers:
EAX=0x00000000, EBX=0x09d38201, ECX=0x00000000, EDX=0x00000000
ESP=0x1598f30c, EBP=0x1598f318, ESI=0x09d10c00, EDI=0x09d38268
EIP=0x5b158779, EFLAGS=0x00010202

Top of Stack: (sp=0x1598f30c)
0x1598f30c:   1598f3a0 00000000 09d38268 1598f588
0x1598f31c:   10004228 09d10d28 09d38268 00000000
0x1598f32c:   00000000 00000000 0091b0f0 00000020
0x1598f33c:   100041b7 5b0b3d03 09d10c00 dc94a871
0x1598f34c:   00000000 1598f384 5b0b3d03 00000020
0x1598f35c:   100041a3 00000001 09d10c00 3433f3d0
0x1598f36c:   1598f35c 1598f380 1598f9dc dc94a885
0x1598f37c:   10004185 fffffffe 1598f398 5b15899d 

Instructions: (pc=0x5b158779)
0x5b158759:   b2 09 00 33 f6 eb 02 8b f1 6a 06 56 e8 26 b6 f5
0x5b158769:   ff 8b 7d 0c 83 c4 08 b3 01 85 ff 74 3d 8b 45 10
0x5b158779:   8b 00 50 32 db e8 1d 6c f7 ff 83 c4 04 85 c0 74
0x5b158789:   29 8b 0f 8b 49 04 8b 50 10 83 c1 08 39 44 0a f8 


Register to memory mapping:

EAX=0x00000000 is an unknown value
EBX=0x09d38201 is an unknown value
ECX=0x00000000 is an unknown value
EDX=0x00000000 is an unknown value
ESP=0x1598f30c is pointing into the stack for thread: 0x09d10c00
EBP=0x1598f318 is pointing into the stack for thread: 0x09d10c00
ESI=0x09d10c00 is a thread
EDI=0x09d38268 is an unknown value


Stack: [0x15940000,0x15990000],  sp=0x1598f30c,  free space=316k
Native frames: (J=compiled Java code, j=interpreted, Vv=VM code, C=native code)
V  [jvm.dll+0xa8779]
C  [jna1309424966182318008.dll+0x4228]  Java_com_sun_jna_Native_getString+0x758
C  [jna1309424966182318008.dll+0x4e7e]  Java_com_sun_jna_Native_invokePointer+0x2e
j  com.sun.jna.Native.invokePointer(JI[Ljava/lang/Object;)J+0
j  com.sun.jna.Function.invokePointer(I[Ljava/lang/Object;)Lcom/sun/jna/Pointer;+6
j  com.sun.jna.Function.invoke([Ljava/lang/Object;Ljava/lang/Class;Z)Ljava/lang/Object;+642
J  com.sun.jna.Function.invoke(Ljava/lang/Class;[Ljava/lang/Object;Ljava/util/Map;)Ljava/lang/Object;
j  $Proxy11.libvlc_media_event_manager(Luk/co/caprica/vlcj/binding/internal/libvlc_media_t;)Luk/co/caprica/vlcj/binding/internal/libvlc_event_manager_t;+16
j  uk.co.caprica.vlcj.player.DefaultMediaPlayer.deregisterMediaEventListener()V+25
j  uk.co.caprica.vlcj.player.DefaultMediaPlayer.destroyInstance()V+21
j  uk.co.caprica.vlcj.player.DefaultMediaPlayer.release()V+23
j  de.dfki.covida.ui.components.video.VideoComponent.cleanUp()Z+123
j  de.dfki.covida.ui.CovidaBoard$1.run()V+31
j  java.lang.Thread.run()V+11
v  ~StubRoutines::call_stub
V  [jvm.dll+0x12964a]
V  [jvm.dll+0x1d851e]
V  [jvm.dll+0x129833]
V  [jvm.dll+0x129897]
V  [jvm.dll+0xd24af]
V  [jvm.dll+0x149977]
V  [jvm.dll+0x149ae0]
V  [jvm.dll+0x17e049]
C  [msvcr100.dll+0x5c6de]  endthreadex+0x3a
C  [msvcr100.dll+0x5c788]  endthreadex+0xe4
C  [kernel32.dll+0x1339a]  BaseThreadInitThunk+0x12
C  [ntdll.dll+0x39ef2]  RtlInitializeExceptionChain+0x63
C  [ntdll.dll+0x39ec5]  RtlInitializeExceptionChain+0x36

Java frames: (J=compiled Java code, j=interpreted, Vv=VM code)
j  com.sun.jna.Native.invokePointer(JI[Ljava/lang/Object;)J+0
j  com.sun.jna.Function.invokePointer(I[Ljava/lang/Object;)Lcom/sun/jna/Pointer;+6
j  com.sun.jna.Function.invoke([Ljava/lang/Object;Ljava/lang/Class;Z)Ljava/lang/Object;+642
J  com.sun.jna.Function.invoke(Ljava/lang/Class;[Ljava/lang/Object;Ljava/util/Map;)Ljava/lang/Object;
j  com.sun.jna.Library$Handler.invoke(Ljava/lang/Object;Ljava/lang/reflect/Method;[Ljava/lang/Object;)Ljava/lang/Object;+341
j  $Proxy11.libvlc_media_event_manager(Luk/co/caprica/vlcj/binding/internal/libvlc_media_t;)Luk/co/caprica/vlcj/binding/internal/libvlc_event_manager_t;+16
j  uk.co.caprica.vlcj.player.DefaultMediaPlayer.deregisterMediaEventListener()V+25
j  uk.co.caprica.vlcj.player.DefaultMediaPlayer.destroyInstance()V+21
j  uk.co.caprica.vlcj.player.DefaultMediaPlayer.release()V+23
j  de.dfki.covida.ui.components.video.VideoComponent.cleanUp()Z+123
j  de.dfki.covida.ui.CovidaBoard$1.run()V+31
j  java.lang.Thread.run()V+11
v  ~StubRoutines::call_stub

---------------  P R O C E S S  ---------------

Java Threads: ( => current thread )
  0x09d12400 JavaThread "Thread-5" daemon [_thread_in_native, id=6912, stack(0x16ed0000,0x16f20000)]
  0x09d11000 JavaThread "Thread-0" [_thread_blocked, id=5472, stack(0x0fc50000,0x0fca0000)]
=>0x09d10c00 JavaThread "Thread-4787" [_thread_in_vm, id=7028, stack(0x15940000,0x15990000)]
  0x04b16800 JavaThread "Thread-974" [_thread_blocked, id=4156, stack(0x112a0000,0x112f0000)]
  0x04b16000 JavaThread "pool-7-thread-1" [_thread_blocked, id=7812, stack(0x0fcf0000,0x0fd40000)]
  0x09d0f800 JavaThread "pool-5-thread-1" [_thread_blocked, id=5476, stack(0x10bc0000,0x10c10000)]
  0x09b0b400 JavaThread "AWT-EventQueue-0" [_thread_blocked, id=5808, stack(0x0ea50000,0x0eaa0000)]
  0x05f61800 JavaThread "AWT-Windows" daemon [_thread_blocked, id=7396, stack(0x065a0000,0x065f0000)]
  0x05f72c00 JavaThread "AWT-Shutdown" [_thread_blocked, id=8120, stack(0x06620000,0x06670000)]
  0x05f72800 JavaThread "Java2D Disposer" daemon [_thread_blocked, id=2592, stack(0x06350000,0x063a0000)]
  0x05f28000 JavaThread "Application Event Handler" [_thread_in_native, id=1468, stack(0x06500000,0x06550000)]
  0x05f15000 JavaThread "Client Connector" [_thread_in_native, id=6404, stack(0x05c10000,0x05c60000)]
  0x0091d400 JavaThread "DestroyJavaVM" [_thread_blocked, id=4240, stack(0x01000000,0x01050000)]
  0x05ed8400 JavaThread "Thread-3" [_thread_blocked, id=7096, stack(0x062d0000,0x06320000)]
  0x05ef3c00 JavaThread "Control Client Connector" [_thread_in_native, id=7620, stack(0x05b30000,0x05b80000)]
  0x05ed2c00 JavaThread "Client Connector" [_thread_in_native, id=6556, stack(0x061e0000,0x06230000)]
  0x05ea7000 JavaThread "Thread-2" [_thread_in_native, id=960, stack(0x05c80000,0x05cd0000)]
  0x05dfd800 JavaThread "Touch&Write" [_thread_blocked, id=4720, stack(0x05a20000,0x05a70000)]
  0x00ed4000 JavaThread "Service Thread" daemon [_thread_blocked, id=6972, stack(0x00fa0000,0x00ff0000)]
  0x00ec1000 JavaThread "C1 CompilerThread0" daemon [_thread_blocked, id=3676, stack(0x01150000,0x011a0000)]
  0x00ebf400 JavaThread "Attach Listener" daemon [_thread_blocked, id=6336, stack(0x04890000,0x048e0000)]
  0x00ebc400 JavaThread "Signal Dispatcher" daemon [_thread_blocked, id=6880, stack(0x01360000,0x013b0000)]
  0x00eaa400 JavaThread "Finalizer" daemon [_thread_blocked, id=7792, stack(0x00300000,0x00350000)]
  0x00ea5400 JavaThread "Reference Handler" daemon [_thread_blocked, id=6452, stack(0x012a0000,0x012f0000)]

Other Threads:
  0x00ea3000 VMThread [stack: 0x01210000,0x01260000] [id=7524]
  0x04a78800 WatcherThread [stack: 0x04d40000,0x04d90000] [id=7480]

VM state:synchronizing (normal execution)

VM Mutex/Monitor currently owned by a thread:  ([mutex/lock_event])
[0x0091b708] Threads_lock - owner thread: 0x00ea3000
[0x0091bb18] Heap_lock - owner thread: 0x09d11000

Heap
 def new generation   total 26944K, used 24695K [0x24310000, 0x26040000, 0x29860000)
  eden space 24000K, 100% used [0x24310000, 0x25a80000, 0x25a80000)
  from space 2944K,  23% used [0x25d60000, 0x25e0dd58, 0x26040000)
  to   space 2944K,   0% used [0x25a80000, 0x25a80000, 0x25d60000)
 tenured generation   total 59592K, used 48004K [0x29860000, 0x2d292000, 0x34310000)
   the space 59592K,  80% used [0x29860000, 0x2c7412d0, 0x2c741400, 0x2d292000)
 compacting perm gen  total 12288K, used 8461K [0x34310000, 0x34f10000, 0x38310000)
   the space 12288K,  68% used [0x34310000, 0x34b53710, 0x34b53800, 0x34f10000)
    ro space 10240K,  45% used [0x38310000, 0x38793960, 0x38793a00, 0x38d10000)
    rw space 12288K,  54% used [0x38d10000, 0x393974d8, 0x39397600, 0x39910000)

Code Cache  [0x02800000, 0x02ba0000, 0x04800000)
 total_blobs=2178 nmethods=1862 adapters=250 free_code_cache=29060Kb largest_free_block=29756672

Compilation events (10 events):
Event: 31.045 Thread 0x00ec1000 1870             java.io.ObjectInputStream$HandleTable::markDependency (171 bytes)
Event: 31.046 Thread 0x00ec1000 nmethod 1870 0x02b9cc48 code [0x02b9cdc0, 0x02b9d1cc]
Event: 31.046 Thread 0x00ec1000 1871             java.io.ObjectInputStream::defaultReadFields (199 bytes)
Event: 31.046 Thread 0x00ec1000 nmethod 1871 0x02b9d688 code [0x02b9d800, 0x02b9dc84]
Event: 31.052 Thread 0x00ec1000 1872             org.apache.log4j.PatternLayout::format (72 bytes)
Event: 31.052 Thread 0x00ec1000 nmethod 1872 0x02b9e208 code [0x02b9e350, 0x02b9ea24]
Event: 32.911 Thread 0x00ec1000 1873             java.nio.HeapByteBuffer::_put (8 bytes)
Event: 32.911 Thread 0x00ec1000 nmethod 1873 0x02b9ed48 code [0x02b9ee40, 0x02b9eee0]
Event: 33.156 Thread 0x00ec1000 1874  s          sun.font.TrueTypeFont::close (8 bytes)
Event: 33.156 Thread 0x00ec1000 nmethod 1874 0x02b9ef88 code [0x02b9f090, 0x02b9f26c]

GC Heap History (10 events):
Event: 24.435 GC heap before
{Heap before GC invocations=78 (full 7):
 def new generation   total 26944K, used 24575K [0x24310000, 0x26040000, 0x29860000)
  eden space 24000K, 100% used [0x24310000, 0x25a80000, 0x25a80000)
  from space 2944K,  19% used [0x25a80000, 0x25b0fec8, 0x25d60000)
  to   space 2944K,   0% used [0x25d60000, 0x25d60000, 0x26040000)
 tenured generation   total 59592K, used 48004K [0x29860000, 0x2d292000, 0x34310000)
   the space 59592K,  80% used [0x29860000, 0x2c7411b8, 0x2c741200, 0x2d292000)
 compacting perm gen  total 12288K, used 8419K [0x34310000, 0x34f10000, 0x38310000)
   the space 12288K,  68% used [0x34310000, 0x34b48fd8, 0x34b49000, 0x34f10000)
    ro space 10240K,  45% used [0x38310000, 0x38793960, 0x38793a00, 0x38d10000)
    rw space 12288K,  54% used [0x38d10000, 0x393974d8, 0x39397600, 0x39910000)
Event: 24.437 GC heap after
Heap after GC invocations=79 (full 7):
 def new generation   total 26944K, used 590K [0x24310000, 0x26040000, 0x29860000)
  eden space 24000K,   0% used [0x24310000, 0x24310000, 0x25a80000)
  from space 2944K,  20% used [0x25d60000, 0x25df3910, 0x26040000)
  to   space 2944K,   0% used [0x25a80000, 0x25a80000, 0x25d60000)
 tenured generation   total 59592K, used 48004K [0x29860000, 0x2d292000, 0x34310000)
   the space 59592K,  80% used [0x29860000, 0x2c7411b8, 0x2c741200, 0x2d292000)
 compacting perm gen  total 12288K, used 8419K [0x34310000, 0x34f10000, 0x38310000)
   the space 12288K,  68% used [0x34310000, 0x34b48fd8, 0x34b49000, 0x34f10000)
    ro space 10240K,  45% used [0x38310000, 0x38793960, 0x38793a00, 0x38d10000)
    rw space 12288K,  54% used [0x38d10000, 0x393974d8, 0x39397600, 0x39910000)
}
Event: 26.066 GC heap before
{Heap before GC invocations=79 (full 7):
 def new generation   total 26944K, used 24590K [0x24310000, 0x26040000, 0x29860000)
  eden space 24000K, 100% used [0x24310000, 0x25a80000, 0x25a80000)
  from space 2944K,  20% used [0x25d60000, 0x25df3910, 0x26040000)
  to   space 2944K,   0% used [0x25a80000, 0x25a80000, 0x25d60000)
 tenured generation   total 59592K, used 48004K [0x29860000, 0x2d292000, 0x34310000)
   the space 59592K,  80% used [0x29860000, 0x2c7411b8, 0x2c741200, 0x2d292000)
 compacting perm gen  total 12288K, used 8420K [0x34310000, 0x34f10000, 0x38310000)
   the space 12288K,  68% used [0x34310000, 0x34b49098, 0x34b49200, 0x34f10000)
    ro space 10240K,  45% used [0x38310000, 0x38793960, 0x38793a00, 0x38d10000)
    rw space 12288K,  54% used [0x38d10000, 0x393974d8, 0x39397600, 0x39910000)
Event: 26.068 GC heap after
Heap after GC invocations=80 (full 7):
 def new generation   total 26944K, used 633K [0x24310000, 0x26040000, 0x29860000)
  eden space 24000K,   0% used [0x24310000, 0x24310000, 0x25a80000)
  from space 2944K,  21% used [0x25a80000, 0x25b1e420, 0x25d60000)
  to   space 2944K,   0% used [0x25d60000, 0x25d60000, 0x26040000)
 tenured generation   total 59592K, used 48004K [0x29860000, 0x2d292000, 0x34310000)
   the space 59592K,  80% used [0x29860000, 0x2c7412d0, 0x2c741400, 0x2d292000)
 compacting perm gen  total 12288K, used 8420K [0x34310000, 0x34f10000, 0x38310000)
   the space 12288K,  68% used [0x34310000, 0x34b49098, 0x34b49200, 0x34f10000)
    ro space 10240K,  45% used [0x38310000, 0x38793960, 0x38793a00, 0x38d10000)
    rw space 12288K,  54% used [0x38d10000, 0x393974d8, 0x39397600, 0x39910000)
}
Event: 27.818 GC heap before
{Heap before GC invocations=80 (full 7):
 def new generation   total 26944K, used 24633K [0x24310000, 0x26040000, 0x29860000)
  eden space 24000K, 100% used [0x24310000, 0x25a80000, 0x25a80000)
  from space 2944K,  21% used [0x25a80000, 0x25b1e420, 0x25d60000)
  to   space 2944K,   0% used [0x25d60000, 0x25d60000, 0x26040000)
 tenured generation   total 59592K, used 48004K [0x29860000, 0x2d292000, 0x34310000)
   the space 59592K,  80% used [0x29860000, 0x2c7412d0, 0x2c741400, 0x2d292000)
 compacting perm gen  total 12288K, used 8420K [0x34310000, 0x34f10000, 0x38310000)
   the space 12288K,  68% used [0x34310000, 0x34b49098, 0x34b49200, 0x34f10000)
    ro space 10240K,  45% used [0x38310000, 0x38793960, 0x38793a00, 0x38d10000)
    rw space 12288K,  54% used [0x38d10000, 0x393974d8, 0x39397600, 0x39910000)
Event: 27.821 GC heap after
Heap after GC invocations=81 (full 7):
 def new generation   total 26944K, used 684K [0x24310000, 0x26040000, 0x29860000)
  eden space 24000K,   0% used [0x24310000, 0x24310000, 0x25a80000)
  from space 2944K,  23% used [0x25d60000, 0x25e0b328, 0x26040000)
  to   space 2944K,   0% used [0x25a80000, 0x25a80000, 0x25d60000)
 tenured generation   total 59592K, used 48004K [0x29860000, 0x2d292000, 0x34310000)
   the space 59592K,  80% used [0x29860000, 0x2c7412d0, 0x2c741400, 0x2d292000)
 compacting perm gen  total 12288K, used 8420K [0x34310000, 0x34f10000, 0x38310000)
   the space 12288K,  68% used [0x34310000, 0x34b49098, 0x34b49200, 0x34f10000)
    ro space 10240K,  45% used [0x38310000, 0x38793960, 0x38793a00, 0x38d10000)
    rw space 12288K,  54% used [0x38d10000, 0x393974d8, 0x39397600, 0x39910000)
}
Event: 29.528 GC heap before
{Heap before GC invocations=81 (full 7):
 def new generation   total 26944K, used 24684K [0x24310000, 0x26040000, 0x29860000)
  eden space 24000K, 100% used [0x24310000, 0x25a80000, 0x25a80000)
  from space 2944K,  23% used [0x25d60000, 0x25e0b328, 0x26040000)
  to   space 2944K,   0% used [0x25a80000, 0x25a80000, 0x25d60000)
 tenured generation   total 59592K, used 48004K [0x29860000, 0x2d292000, 0x34310000)
   the space 59592K,  80% used [0x29860000, 0x2c7412d0, 0x2c741400, 0x2d292000)
 compacting perm gen  total 12288K, used 8420K [0x34310000, 0x34f10000, 0x38310000)
   the space 12288K,  68% used [0x34310000, 0x34b49098, 0x34b49200, 0x34f10000)
    ro space 10240K,  45% used [0x38310000, 0x38793960, 0x38793a00, 0x38d10000)
    rw space 12288K,  54% used [0x38d10000, 0x393974d8, 0x39397600, 0x39910000)
Event: 29.531 GC heap after
Heap after GC invocations=82 (full 7):
 def new generation   total 26944K, used 718K [0x24310000, 0x26040000, 0x29860000)
  eden space 24000K,   0% used [0x24310000, 0x24310000, 0x25a80000)
  from space 2944K,  24% used [0x25a80000, 0x25b33900, 0x25d60000)
  to   space 2944K,   0% used [0x25d60000, 0x25d60000, 0x26040000)
 tenured generation   total 59592K, used 48004K [0x29860000, 0x2d292000, 0x34310000)
   the space 59592K,  80% used [0x29860000, 0x2c7412d0, 0x2c741400, 0x2d292000)
 compacting perm gen  total 12288K, used 8420K [0x34310000, 0x34f10000, 0x38310000)
   the space 12288K,  68% used [0x34310000, 0x34b49098, 0x34b49200, 0x34f10000)
    ro space 10240K,  45% used [0x38310000, 0x38793960, 0x38793a00, 0x38d10000)
    rw space 12288K,  54% used [0x38d10000, 0x393974d8, 0x39397600, 0x39910000)
}
Event: 31.223 GC heap before
{Heap before GC invocations=82 (full 7):
 def new generation   total 26944K, used 24718K [0x24310000, 0x26040000, 0x29860000)
  eden space 24000K, 100% used [0x24310000, 0x25a80000, 0x25a80000)
  from space 2944K,  24% used [0x25a80000, 0x25b33900, 0x25d60000)
  to   space 2944K,   0% used [0x25d60000, 0x25d60000, 0x26040000)
 tenured generation   total 59592K, used 48004K [0x29860000, 0x2d292000, 0x34310000)
   the space 59592K,  80% used [0x29860000, 0x2c7412d0, 0x2c741400, 0x2d292000)
 compacting perm gen  total 12288K, used 8420K [0x34310000, 0x34f10000, 0x38310000)
   the space 12288K,  68% used [0x34310000, 0x34b491a8, 0x34b49200, 0x34f10000)
    ro space 10240K,  45% used [0x38310000, 0x38793960, 0x38793a00, 0x38d10000)
    rw space 12288K,  54% used [0x38d10000, 0x393974d8, 0x39397600, 0x39910000)
Event: 31.226 GC heap after
Heap after GC invocations=83 (full 7):
 def new generation   total 26944K, used 695K [0x24310000, 0x26040000, 0x29860000)
  eden space 24000K,   0% used [0x24310000, 0x24310000, 0x25a80000)
  from space 2944K,  23% used [0x25d60000, 0x25e0dd58, 0x26040000)
  to   space 2944K,   0% used [0x25a80000, 0x25a80000, 0x25d60000)
 tenured generation   total 59592K, used 48004K [0x29860000, 0x2d292000, 0x34310000)
   the space 59592K,  80% used [0x29860000, 0x2c7412d0, 0x2c741400, 0x2d292000)
 compacting perm gen  total 12288K, used 8420K [0x34310000, 0x34f10000, 0x38310000)
   the space 12288K,  68% used [0x34310000, 0x34b491a8, 0x34b49200, 0x34f10000)
    ro space 10240K,  45% used [0x38310000, 0x38793960, 0x38793a00, 0x38d10000)
    rw space 12288K,  54% used [0x38d10000, 0x393974d8, 0x39397600, 0x39910000)
}

Deoptimization events (0 events):
No events

Internal exceptions (10 events):
Event: 33.079 Thread 0x05ed8400 Threw 0x258f71d0 at C:\jdk7u5_32P\jdk7u5\hotspot\src\share\vm\runtime\sharedRuntime.cpp:613
Event: 33.079 Thread 0x05ed8400 Threw 0x258f7340 at C:\jdk7u5_32P\jdk7u5\hotspot\src\share\vm\runtime\sharedRuntime.cpp:613
Event: 33.079 Thread 0x05ed8400 Threw 0x258f7498 at C:\jdk7u5_32P\jdk7u5\hotspot\src\share\vm\runtime\sharedRuntime.cpp:613
Event: 33.079 Thread 0x05ed8400 Threw 0x258f7608 at C:\jdk7u5_32P\jdk7u5\hotspot\src\share\vm\runtime\sharedRuntime.cpp:613
Event: 33.079 Thread 0x05ed8400 Threw 0x258f7760 at C:\jdk7u5_32P\jdk7u5\hotspot\src\share\vm\runtime\sharedRuntime.cpp:613
Event: 33.079 Thread 0x05ed8400 Threw 0x258f78b8 at C:\jdk7u5_32P\jdk7u5\hotspot\src\share\vm\runtime\sharedRuntime.cpp:613
Event: 33.143 Thread 0x05ed8400 Threw 0x258fca90 at C:\jdk7u5_32P\jdk7u5\hotspot\src\share\vm\prims\jvm.cpp:1166
Event: 33.144 Thread 0x05ed8400 Threw 0x259d8398 at C:\jdk7u5_32P\jdk7u5\hotspot\src\share\vm\prims\jvm.cpp:1166
Event: 33.145 Thread 0x05ed8400 Threw 0x259e3ab8 at C:\jdk7u5_32P\jdk7u5\hotspot\src\share\vm\prims\jvm.cpp:1166
Event: 33.146 Thread 0x05ed8400 Threw 0x259e8208 at C:\jdk7u5_32P\jdk7u5\hotspot\src\share\vm\prims\jvm.cpp:1166

Events (10 events):
Event: 33.156 loading class 0x39945a80
Event: 33.156 Thread 0x09d11c00 Thread exited: 0x09d11c00
Event: 33.156 loading class 0x39945a80 done
Event: 33.156 loading class 0x09eb61b0
Event: 33.156 loading class 0x05f647a8
Event: 33.156 loading class 0x05f647a8 done
Event: 33.156 loading class 0x09eb61b0 done
Event: 33.157 Thread 0x09d11800 Thread exited: 0x09d11800
Event: 33.157 Thread 0x09c4ec00 Thread exited: 0x09c4ec00
Event: 33.158 Thread 0x09c4e400 Thread exited: 0x09c4e400


Dynamic libraries:
0x013d0000 - 0x013ff000 	C:\Program Files (x86)\Java\jdk1.7.0_05\bin\java.exe
0x77bd0000 - 0x77d50000 	C:\Windows\SysWOW64\ntdll.dll
0x77140000 - 0x77250000 	C:\Windows\syswow64\kernel32.dll
0x75340000 - 0x75386000 	C:\Windows\syswow64\KERNELBASE.dll
0x76fb0000 - 0x77050000 	C:\Windows\syswow64\ADVAPI32.dll
0x759b0000 - 0x75a5c000 	C:\Windows\syswow64\msvcrt.dll
0x75ed0000 - 0x75ee9000 	C:\Windows\SysWOW64\sechost.dll
0x75ef0000 - 0x75fe0000 	C:\Windows\syswow64\RPCRT4.dll
0x752b0000 - 0x75310000 	C:\Windows\syswow64\SspiCli.dll
0x752a0000 - 0x752ac000 	C:\Windows\syswow64\CRYPTBASE.dll
0x76eb0000 - 0x76fb0000 	C:\Windows\syswow64\USER32.dll
0x75890000 - 0x75920000 	C:\Windows\syswow64\GDI32.dll
0x75c00000 - 0x75c0a000 	C:\Windows\syswow64\LPK.dll
0x75390000 - 0x7542d000 	C:\Windows\syswow64\USP10.dll
0x714c0000 - 0x7165e000 	C:\Windows\WinSxS\x86_microsoft.windows.common-controls_6595b64144ccf1df_6.0.7601.17514_none_41e6975e2bd6f2b2\COMCTL32.dll
0x75e70000 - 0x75ec7000 	C:\Windows\syswow64\SHLWAPI.dll
0x75680000 - 0x756e0000 	C:\Windows\system32\IMM32.DLL
0x75d90000 - 0x75e5c000 	C:\Windows\syswow64\MSCTF.dll
0x61ab0000 - 0x61b6e000 	C:\Program Files (x86)\Java\jdk1.7.0_05\jre\bin\msvcr100.dll
0x5b0b0000 - 0x5b3fa000 	C:\Program Files (x86)\Java\jdk1.7.0_05\jre\bin\client\jvm.dll
0x71d40000 - 0x71d47000 	C:\Windows\system32\WSOCK32.dll
0x772d0000 - 0x77305000 	C:\Windows\syswow64\WS2_32.dll
0x77ba0000 - 0x77ba6000 	C:\Windows\syswow64\NSI.dll
0x737a0000 - 0x737d2000 	C:\Windows\system32\WINMM.dll
0x75e60000 - 0x75e65000 	C:\Windows\syswow64\PSAPI.DLL
0x73360000 - 0x7336c000 	C:\Program Files (x86)\Java\jdk1.7.0_05\jre\bin\verify.dll
0x73340000 - 0x73360000 	C:\Program Files (x86)\Java\jdk1.7.0_05\jre\bin\java.dll
0x73320000 - 0x73333000 	C:\Program Files (x86)\Java\jdk1.7.0_05\jre\bin\zip.dll
0x72bb0000 - 0x72bc6000 	C:\Windows\system32\CRYPTSP.dll
0x72b70000 - 0x72bab000 	C:\Windows\system32\rsaenh.dll
0x72980000 - 0x72997000 	C:\Windows\system32\USERENV.dll
0x72a30000 - 0x72a3b000 	C:\Windows\system32\profapi.dll
0x73300000 - 0x73314000 	C:\Program Files (x86)\Java\jdk1.7.0_05\jre\bin\net.dll
0x72c20000 - 0x72c51000 	C:\Program Files (x86)\Kabel Deutschland\Sicherheitspaket\FSPS\program\FSLSP.DLL
0x17330000 - 0x17347000 	c:\program files (x86)\kabel deutschland\sicherheitspaket\scanner-interface\fsgkiapi.dll
0x72be0000 - 0x72c1c000 	C:\Windows\system32\mswsock.dll
0x72400000 - 0x72406000 	C:\Windows\System32\wship6.dll
0x720f0000 - 0x72100000 	C:\Windows\system32\NLAapi.dll
0x717a0000 - 0x717b0000 	C:\Windows\system32\napinsp.dll
0x71780000 - 0x71792000 	C:\Windows\system32\pnrpnsp.dll
0x728f0000 - 0x72934000 	C:\Windows\system32\DNSAPI.dll
0x71770000 - 0x71778000 	C:\Windows\System32\winrnr.dll
0x71760000 - 0x7176d000 	C:\Windows\system32\wshbth.dll
0x72bd0000 - 0x72bd5000 	C:\Windows\System32\wshtcpip.dll
0x72950000 - 0x7296c000 	C:\Windows\system32\IPHLPAPI.DLL
0x72940000 - 0x72947000 	C:\Windows\system32\WINNSI.DLL
0x72410000 - 0x72416000 	C:\Windows\system32\rasadhlp.dll
0x719a0000 - 0x719d8000 	C:\Windows\System32\fwpuclnt.dll
0x738c0000 - 0x738cf000 	C:\Program Files (x86)\Java\jdk1.7.0_05\jre\bin\nio.dll
0x10000000 - 0x10055000 	C:\Users\Tobias\AppData\Local\Temp\jna1309424966182318008.dll
0x010a0000 - 0x010c5000 	C:\Users\Tobias\AppData\Local\Temp\bluecove_Tobias_0\intelbth.dll
0x05b90000 - 0x05c03000 	I:\Dropbox\dfki\covida\CoVidA\native-libs\lwjgl.dll
0x5afe0000 - 0x5b0a8000 	C:\Windows\system32\OPENGL32.dll
0x732d0000 - 0x732f2000 	C:\Windows\system32\GLU32.dll
0x5aef0000 - 0x5afd7000 	C:\Windows\system32\DDRAW.dll
0x732c0000 - 0x732c6000 	C:\Windows\system32\DCIMAN32.dll
0x75a60000 - 0x75bfd000 	C:\Windows\syswow64\SETUPAPI.dll
0x76d50000 - 0x76d77000 	C:\Windows\syswow64\CFGMGR32.dll
0x755f0000 - 0x7567f000 	C:\Windows\syswow64\OLEAUT32.dll
0x75c10000 - 0x75d6c000 	C:\Windows\syswow64\ole32.dll
0x75d70000 - 0x75d82000 	C:\Windows\syswow64\DEVOBJ.dll
0x71eb0000 - 0x71ec3000 	C:\Windows\system32\dwmapi.dll
0x751d0000 - 0x751d9000 	C:\Windows\system32\VERSION.dll
0x5ada0000 - 0x5aee2000 	C:\Program Files (x86)\Java\jdk1.7.0_05\jre\bin\awt.dll
0x71ed0000 - 0x71f50000 	C:\Windows\system32\uxtheme.dll
0x01260000 - 0x0129f000 	C:\Program Files (x86)\Kabel Deutschland\Sicherheitspaket\Spam Control\fsscoepl.dll
0x76100000 - 0x76d4a000 	C:\Windows\syswow64\SHELL32.dll
0x59ac0000 - 0x5ad99000 	C:\Windows\system32\nvoglv32.DLL
0x75140000 - 0x75161000 	C:\Windows\system32\ntmarta.dll
0x770c0000 - 0x77105000 	C:\Windows\syswow64\WLDAP32.dll
0x756e0000 - 0x75763000 	C:\Windows\syswow64\CLBCatQ.DLL
0x73560000 - 0x735d9000 	C:\Windows\system32\mscms.dll
0x6dfd0000 - 0x6e008000 	C:\Windows\system32\icm32.dll
0x73290000 - 0x732ba000 	C:\Program Files (x86)\Java\jdk1.7.0_05\jre\bin\fontmanager.dll
0x735e0000 - 0x73605000 	C:\Windows\system32\powrprof.dll
0x64c50000 - 0x64c81000 	C:\Program Files (x86)\Java\jdk1.7.0_05\jre\bin\t2k.dll
0x659e0000 - 0x65a05000 	C:\Program Files (x86)\Java\jdk1.7.0_05\jre\bin\jpeg.dll
0x64c20000 - 0x64c4d000 	C:\Program Files (x86)\Java\jdk1.7.0_05\jre\bin\kcms.dll
0x64bf0000 - 0x64c12000 	C:\Program Files (x86)\VideoLAN\VLC\libvlc.dll
0x59880000 - 0x59ab5000 	C:\Program Files (x86)\VideoLAN\VLC\libvlccore.dll
0x59630000 - 0x59663000 	C:\Program Files (x86)\VideoLAN\VLC\plugins\codec\libpng_plugin.dll
0x73630000 - 0x736a2000 	C:\Windows\system32\dsound.dll
0x58e90000 - 0x58ea1000 	C:\Program Files (x86)\VideoLAN\VLC\plugins\codec\libspudec_plugin.dll
0x57f30000 - 0x58e84000 	C:\Program Files (x86)\VideoLAN\VLC\plugins\codec\libavcodec_plugin.dll
0x57bc0000 - 0x57bd3000 	C:\Program Files (x86)\VideoLAN\VLC\plugins\sse2\libi422_yuy2_sse2_plugin.dll
0x57a90000 - 0x57a9f000 	C:\Program Files (x86)\VideoLAN\VLC\plugins\video_filter\libchain_plugin.dll
0x734f0000 - 0x73529000 	C:\Windows\System32\MMDevApi.dll
0x71050000 - 0x71145000 	C:\Windows\System32\PROPSYS.dll
0x734b0000 - 0x734e6000 	C:\Windows\system32\AUDIOSES.DLL
0x57800000 - 0x57812000 	C:\Program Files (x86)\VideoLAN\VLC\plugins\audio_filter\libspeex_resampler_plugin.dll
0x577f0000 - 0x57800000 	C:\Program Files (x86)\VideoLAN\VLC\plugins\audio_filter\libconverter_fixed_plugin.dll
0x577e0000 - 0x577ef000 	C:\Program Files (x86)\VideoLAN\VLC\plugins\audio_filter\liba52tospdif_plugin.dll
0x577d0000 - 0x577e0000 	C:\Program Files (x86)\VideoLAN\VLC\plugins\audio_filter\libdtstospdif_plugin.dll
0x577c0000 - 0x577d0000 	C:\Program Files (x86)\VideoLAN\VLC\plugins\audio_filter\libsimple_channel_mixer_plugin.dll
0x577b0000 - 0x577bf000 	C:\Program Files (x86)\VideoLAN\VLC\plugins\audio_filter\libdolby_surround_decoder_plugin.dll
0x577a0000 - 0x577af000 	C:\Program Files (x86)\VideoLAN\VLC\plugins\audio_filter\libugly_resampler_plugin.dll
0x57790000 - 0x5779f000 	C:\Program Files (x86)\VideoLAN\VLC\plugins\audio_filter\libtrivial_channel_mixer_plugin.dll
0x57770000 - 0x57782000 	C:\Program Files (x86)\VideoLAN\VLC\plugins\audio_filter\libaudio_format_plugin.dll
0x57760000 - 0x5776f000 	C:\Program Files (x86)\VideoLAN\VLC\plugins\audio_mixer\libfloat32_mixer_plugin.dll
0x57750000 - 0x57760000 	C:\Program Files (x86)\VideoLAN\VLC\plugins\audio_filter\libscaletempo_plugin.dll
0x630e0000 - 0x6311b000 	C:\Program Files (x86)\VideoLAN\VLC\plugins\access\libdshow_plugin.dll
0x64ad0000 - 0x64ae3000 	C:\Program Files (x86)\VideoLAN\VLC\plugins\audio_output\libaout_directx_plugin.dll
0x647b0000 - 0x647c2000 	C:\Program Files (x86)\VideoLAN\VLC\plugins\audio_output\libwaveout_plugin.dll
0x630c0000 - 0x630d8000 	C:\Program Files (x86)\VideoLAN\VLC\plugins\video_output\libdirectx_plugin.dll
0x65b00000 - 0x65b10000 	C:\Program Files (x86)\VideoLAN\VLC\plugins\mmxext\libmemcpymmxext_plugin.dll
0x630a0000 - 0x630b2000 	C:\Program Files (x86)\VideoLAN\VLC\plugins\control\libhotkeys_plugin.dll
0x59830000 - 0x59873000 	C:\Program Files (x86)\VideoLAN\VLC\plugins\access\liblibbluray_plugin.dll
0x63080000 - 0x6309d000 	C:\Program Files (x86)\VideoLAN\VLC\plugins\access\libaccess_bd_plugin.dll
0x597e0000 - 0x59825000 	C:\Program Files (x86)\VideoLAN\VLC\plugins\access\libdvdnav_plugin.dll
0x597c0000 - 0x597d2000 	C:\Program Files (x86)\VideoLAN\VLC\plugins\access\libaccess_vdr_plugin.dll
0x597a0000 - 0x597b1000 	C:\Program Files (x86)\VideoLAN\VLC\plugins\access\libfilesystem_plugin.dll
0x59720000 - 0x59793000 	C:\Program Files (x86)\VideoLAN\VLC\plugins\stream_filter\libstream_filter_httplive_plugin.dll
0x59570000 - 0x59627000 	C:\Program Files (x86)\VideoLAN\VLC\plugins\stream_filter\libstream_filter_dash_plugin.dll
0x647a0000 - 0x647b0000 	C:\Program Files (x86)\VideoLAN\VLC\plugins\access\libstream_filter_rar_plugin.dll
0x59700000 - 0x5971b000 	C:\Program Files (x86)\VideoLAN\VLC\plugins\access\libzip_plugin.dll
0x63070000 - 0x6307f000 	C:\Program Files (x86)\VideoLAN\VLC\plugins\stream_filter\libstream_filter_record_plugin.dll
0x596c0000 - 0x596f6000 	C:\Program Files (x86)\VideoLAN\VLC\plugins\demux\libmp4_plugin.dll
0x596b0000 - 0x596c0000 	C:\Program Files (x86)\VideoLAN\VLC\plugins\codec\libcdg_plugin.dll
0x59420000 - 0x59569000 	C:\Program Files (x86)\VideoLAN\VLC\plugins\codec\libschroedinger_plugin.dll
0x59690000 - 0x596a3000 	C:\Program Files (x86)\VideoLAN\VLC\plugins\codec\libaraw_plugin.dll
0x59270000 - 0x5941a000 	C:\Program Files (x86)\VideoLAN\VLC\plugins\codec\libvorbis_plugin.dll
0x59670000 - 0x59681000 	C:\Program Files (x86)\VideoLAN\VLC\plugins\codec\libdts_plugin.dll
0x59200000 - 0x59261000 	C:\Program Files (x86)\VideoLAN\VLC\plugins\codec\libfaad_plugin.dll
0x591d0000 - 0x591fc000 	C:\Program Files (x86)\VideoLAN\VLC\plugins\codec\libspeex_plugin.dll
0x591c0000 - 0x591d0000 	C:\Program Files (x86)\VideoLAN\VLC\plugins\codec\libaes3_plugin.dll
0x59150000 - 0x591b5000 	C:\Program Files (x86)\VideoLAN\VLC\plugins\codec\libtheora_plugin.dll
0x59100000 - 0x59147000 	C:\Program Files (x86)\VideoLAN\VLC\plugins\codec\libflac_plugin.dll
0x58f30000 - 0x590fd000 	C:\Program Files (x86)\VideoLAN\VLC\plugins\codec\liblibass_plugin.dll

VM Arguments:
jvm_args: -Djava.library.path=native-libs 
java_command: de.dfki.touchandwrite.Covida_twtable -d -a
Launcher Type: SUN_STANDARD

Environment Variables:
JAVA_HOME=C:\Program Files (x86)\Java\jdk1.7.0_05
PATH=C:\Python27\Lib\site-packages\PyQt4;C:\Program Files (x86)\NVIDIA Corporation\PhysX\Common;D:\maven\bin;C:\Program Files (x86)\MiKTeX 2.8\miktex\bin;E:/workspace/TouchAndWriteTable/touchandwrite-sdk/touchandwrite-inputanalyser/lib/;C:\Windows\system32;C:\Windows;C:\Windows\System32\Wbem;C:\Windows\System32\WindowsPowerShell\v1.0\;C:\Program Files (x86)\Calibre2\;C:\Program Files\TortoiseSVN\bin;C:\Program Files\TortoiseHg\;D:\javacc-5.0\bin\;C:\Users\Tobias\AppData\Roaming\MiKTeX\2.8\miktex\bin\;C:\Program Files (x86)\Mercurial
USERNAME=Tobias
OS=Windows_NT
PROCESSOR_IDENTIFIER=Intel64 Family 6 Model 30 Stepping 5, GenuineIntel



---------------  S Y S T E M  ---------------

OS: Windows 7 , 64 bit Build 7601 Service Pack 1

CPU:total 4 (4 cores per cpu, 1 threads per core) family 6 model 30 stepping 5, cmov, cx8, fxsr, mmx, sse, sse2, sse3, ssse3, sse4.1, sse4.2, popcnt, tsc, tscinvbit

Memory: 4k page, physical 8386612k(3391516k free), swap 8384760k(2985828k free)

vm_info: Java HotSpot(TM) Client VM (23.1-b03) for windows-x86 JRE (1.7.0_05-b05), built on May 15 2012 18:11:27 by "java_re" with unknown MS VC++:1600

time: Tue Aug 21 10:31:19 2012
elapsed time: 33 seconds

