#
# A fatal error has been detected by the Java Runtime Environment:
#
#  EXCEPTION_ACCESS_VIOLATION (0xc0000005) at pc=0x5ae08779, pid=4156, tid=5696
#
# JRE version: 7.0_05-b05
# Java VM: Java HotSpot(TM) Client VM (23.1-b03 mixed mode, sharing windows-x86 )
# Problematic frame:
# V  [jvm.dll+0xa8779]
#
# Failed to write core dump. Minidumps are not enabled by default on client versions of Windows
#
# If you would like to submit a bug report, please visit:
#   http://bugreport.sun.com/bugreport/crash.jsp
#

---------------  T H R E A D  ---------------

Current thread (0x09d37400):  JavaThread "Thread-975" [_thread_in_vm, id=5696, stack(0x11db0000,0x11e00000)]

siginfo: ExceptionCode=0xc0000005, reading address 0x00000000

Registers:
EAX=0x00000000, EBX=0x09d6be01, ECX=0x00000000, EDX=0x00000000
ESP=0x11dff2cc, EBP=0x11dff2d8, ESI=0x09d37400, EDI=0x09d6be90
EIP=0x5ae08779, EFLAGS=0x00010206

Top of Stack: (sp=0x11dff2cc)
0x11dff2cc:   11dff360 00000000 09d6be90 11dff548
0x11dff2dc:   10004228 09d37528 09d6be90 00000000
0x11dff2ec:   11dff300 11dff320 00000000 00000020
0x11dff2fc:   100041b7 5ad63d03 09d37400 c3ce4c6c
0x11dff30c:   00000000 11dff344 5ad63d03 00000020
0x11dff31c:   100041a3 00000001 09d37400 3433f128
0x11dff32c:   11dff31c 11dff340 11dff8fc c3ce4c18
0x11dff33c:   10004185 fffffffe 11dff358 5ae0899d 

Instructions: (pc=0x5ae08779)
0x5ae08759:   b2 09 00 33 f6 eb 02 8b f1 6a 06 56 e8 26 b6 f5
0x5ae08769:   ff 8b 7d 0c 83 c4 08 b3 01 85 ff 74 3d 8b 45 10
0x5ae08779:   8b 00 50 32 db e8 1d 6c f7 ff 83 c4 04 85 c0 74
0x5ae08789:   29 8b 0f 8b 49 04 8b 50 10 83 c1 08 39 44 0a f8 


Register to memory mapping:

EAX=0x00000000 is an unknown value
EBX=0x09d6be01 is an unknown value
ECX=0x00000000 is an unknown value
EDX=0x00000000 is an unknown value
ESP=0x11dff2cc is pointing into the stack for thread: 0x09d37400
EBP=0x11dff2d8 is pointing into the stack for thread: 0x09d37400
ESI=0x09d37400 is a thread
EDI=0x09d6be90 is an unknown value


Stack: [0x11db0000,0x11e00000],  sp=0x11dff2cc,  free space=316k
Native frames: (J=compiled Java code, j=interpreted, Vv=VM code, C=native code)
V  [jvm.dll+0xa8779]
C  [jna642864579025862255.dll+0x4228]  Java_com_sun_jna_Native_getString+0x758
C  [jna642864579025862255.dll+0x4d0e]  Java_com_sun_jna_Native_invokeInt+0x2e
j  com.sun.jna.Native.invokeInt(JI[Ljava/lang/Object;)I+0
j  com.sun.jna.Function.invoke([Ljava/lang/Object;Ljava/lang/Class;Z)Ljava/lang/Object;+333
J  com.sun.jna.Function.invoke(Ljava/lang/Class;[Ljava/lang/Object;Ljava/util/Map;)Ljava/lang/Object;
j  $Proxy11.libvlc_media_get_state(Luk/co/caprica/vlcj/binding/internal/libvlc_media_t;)I+16
j  uk.co.caprica.vlcj.player.DefaultMediaPlayer.getMediaState()Luk/co/caprica/vlcj/binding/internal/libvlc_state_t;+26
j  de.dfki.covida.ui.components.video.VideoComponent.isFinished()Z+25
j  de.dfki.covida.ui.components.video.RepeatHandler.run()V+60
j  java.lang.Thread.run()V+11
v  ~StubRoutines::call_stub
V  [jvm.dll+0x12964a]
V  [jvm.dll+0x1d851e]
V  [jvm.dll+0x129833]
V  [jvm.dll+0x129897]
V  [jvm.dll+0xd24af]
V  [jvm.dll+0x149977]
V  [jvm.dll+0x149ae0]
V  [jvm.dll+0x17e049]
C  [msvcr100.dll+0x5c6de]  endthreadex+0x3a
C  [msvcr100.dll+0x5c788]  endthreadex+0xe4
C  [kernel32.dll+0x1339a]  BaseThreadInitThunk+0x12
C  [ntdll.dll+0x39ef2]  RtlInitializeExceptionChain+0x63
C  [ntdll.dll+0x39ec5]  RtlInitializeExceptionChain+0x36

Java frames: (J=compiled Java code, j=interpreted, Vv=VM code)
j  com.sun.jna.Native.invokeInt(JI[Ljava/lang/Object;)I+0
j  com.sun.jna.Function.invoke([Ljava/lang/Object;Ljava/lang/Class;Z)Ljava/lang/Object;+333
J  com.sun.jna.Function.invoke(Ljava/lang/Class;[Ljava/lang/Object;Ljava/util/Map;)Ljava/lang/Object;
j  com.sun.jna.Library$Handler.invoke(Ljava/lang/Object;Ljava/lang/reflect/Method;[Ljava/lang/Object;)Ljava/lang/Object;+341
j  $Proxy11.libvlc_media_get_state(Luk/co/caprica/vlcj/binding/internal/libvlc_media_t;)I+16
j  uk.co.caprica.vlcj.player.DefaultMediaPlayer.getMediaState()Luk/co/caprica/vlcj/binding/internal/libvlc_state_t;+26
j  de.dfki.covida.ui.components.video.VideoComponent.isFinished()Z+25
j  de.dfki.covida.ui.components.video.RepeatHandler.run()V+60
j  java.lang.Thread.run()V+11
v  ~StubRoutines::call_stub

---------------  P R O C E S S  ---------------

Java Threads: ( => current thread )
  0x09cee800 JavaThread "Thread-26345" [_thread_in_vm, id=5556, stack(0x16c50000,0x16ca0000)]
  0x09ce2800 JavaThread "Thread-26344" [_thread_in_vm, id=4928, stack(0x0ff20000,0x0ff70000)]
  0x09e50400 JavaThread "Thread-4" daemon [_thread_in_native, id=2060, stack(0x15800000,0x15850000)]
  0x09e51000 JavaThread "Thread-26340" [_thread_blocked, id=3664, stack(0x0fae0000,0x0fb30000)]
=>0x09d37400 JavaThread "Thread-975" [_thread_in_vm, id=5696, stack(0x11db0000,0x11e00000)]
  0x09d36c00 JavaThread "pool-7-thread-1" [_thread_blocked, id=7748, stack(0x0ee40000,0x0ee90000)]
  0x09e51c00 JavaThread "Thread-972" [_thread_blocked, id=5792, stack(0x11210000,0x11260000)]
  0x09e51800 JavaThread "pool-5-thread-1" [_thread_blocked, id=8064, stack(0x0e770000,0x0e7c0000)]
  0x05ebe400 JavaThread "AWT-EventQueue-0" [_thread_blocked, id=7640, stack(0x06820000,0x06870000)]
  0x05dbdc00 JavaThread "AWT-Shutdown" [_thread_blocked, id=6064, stack(0x065e0000,0x06630000)]
  0x05dbd400 JavaThread "Java2D Disposer" daemon [_thread_blocked, id=7540, stack(0x06320000,0x06370000)]
  0x05d8a800 JavaThread "Client Connector" [_thread_in_native, id=5004, stack(0x063d0000,0x06420000)]
  0x0015d400 JavaThread "DestroyJavaVM" [_thread_blocked, id=5808, stack(0x00d40000,0x00d90000)]
  0x05d1f000 JavaThread "Thread-2" [_thread_blocked, id=7768, stack(0x05b30000,0x05b80000)]
  0x05d24800 JavaThread "Control Client Connector" [_thread_in_native, id=6228, stack(0x06270000,0x062c0000)]
  0x05d08400 JavaThread "Client Connector" [_thread_in_native, id=6340, stack(0x06160000,0x061b0000)]
  0x05c81000 JavaThread "Touch&Write" [_thread_blocked, id=4972, stack(0x05a90000,0x05ae0000)]
  0x00d15c00 JavaThread "Service Thread" daemon [_thread_blocked, id=280, stack(0x01380000,0x013d0000)]
  0x00d11000 JavaThread "C1 CompilerThread0" daemon [_thread_blocked, id=1592, stack(0x048d0000,0x04920000)]
  0x00d0f400 JavaThread "Attach Listener" daemon [_thread_blocked, id=2760, stack(0x01260000,0x012b0000)]
  0x00d0c400 JavaThread "Signal Dispatcher" daemon [_thread_blocked, id=3648, stack(0x01180000,0x011d0000)]
  0x00cf6c00 JavaThread "Finalizer" daemon [_thread_blocked, id=772, stack(0x04860000,0x048b0000)]
  0x00cf5400 JavaThread "Reference Handler" daemon [_thread_blocked, id=4280, stack(0x01310000,0x01360000)]

Other Threads:
  0x00cf3000 VMThread [stack: 0x01010000,0x01060000] [id=5336]
  0x00d28000 WatcherThread [stack: 0x04bc0000,0x04c10000] [id=2924]

VM state:not at safepoint (normal execution)

VM Mutex/Monitor currently owned by a thread: None

Heap
 def new generation   total 30912K, used 22713K [0x24310000, 0x26490000, 0x29860000)
  eden space 27520K,  81% used [0x24310000, 0x258ef6d8, 0x25df0000)
  from space 3392K,   9% used [0x26140000, 0x2618ef38, 0x26490000)
  to   space 3392K,   0% used [0x25df0000, 0x25df0000, 0x26140000)
 tenured generation   total 68448K, used 65744K [0x29860000, 0x2db38000, 0x34310000)
   the space 68448K,  96% used [0x29860000, 0x2d894290, 0x2d894400, 0x2db38000)
 compacting perm gen  total 12288K, used 8341K [0x34310000, 0x34f10000, 0x38310000)
   the space 12288K,  67% used [0x34310000, 0x34b357d0, 0x34b35800, 0x34f10000)
    ro space 10240K,  45% used [0x38310000, 0x38793960, 0x38793a00, 0x38d10000)
    rw space 12288K,  54% used [0x38d10000, 0x393974d8, 0x39397600, 0x39910000)

Code Cache  [0x02800000, 0x02b68000, 0x04800000)
 total_blobs=2014 nmethods=1701 adapters=247 free_code_cache=29281Kb largest_free_block=29983296

Compilation events (10 events):
Event: 153.717 Thread 0x00d11000 1708             java.util.concurrent.ThreadPoolExecutor::runStateLessThan (11 bytes)
Event: 153.717 Thread 0x00d11000 nmethod 1708 0x02b63dc8 code [0x02b63ec0, 0x02b63f40]
Event: 153.717 Thread 0x00d11000 1709             java.util.concurrent.ThreadPoolExecutor::beforeExecute (1 bytes)
Event: 153.717 Thread 0x00d11000 nmethod 1709 0x02b63f88 code [0x02b64080, 0x02b64100]
Event: 153.717 Thread 0x00d11000 1710             java.util.concurrent.ThreadPoolExecutor::afterExecute (1 bytes)
Event: 153.717 Thread 0x00d11000 nmethod 1710 0x02b64148 code [0x02b64240, 0x02b642c0]
Event: 154.013 Thread 0x00d11000 1711             java.util.concurrent.ThreadPoolExecutor::execute (132 bytes)
Event: 154.014 Thread 0x00d11000 nmethod 1711 0x02b64308 code [0x02b64490, 0x02b647fc]
Event: 154.014 Thread 0x00d11000 1712   !         com.sun.jna.Native::getTypeMapper (203 bytes)
Event: 154.016 Thread 0x00d11000 nmethod 1712 0x02b64c08 code [0x02b64fa0, 0x02b664a8]

GC Heap History (10 events):
Event: 147.976 GC heap before
{Heap before GC invocations=167 (full 6):
 def new generation   total 30912K, used 27861K [0x24310000, 0x26490000, 0x29860000)
  eden space 27520K, 100% used [0x24310000, 0x25df0000, 0x25df0000)
  from space 3392K,  10% used [0x25df0000, 0x25e45748, 0x26140000)
  to   space 3392K,   0% used [0x26140000, 0x26140000, 0x26490000)
 tenured generation   total 68448K, used 65744K [0x29860000, 0x2db38000, 0x34310000)
   the space 68448K,  96% used [0x29860000, 0x2d894290, 0x2d894400, 0x2db38000)
 compacting perm gen  total 12288K, used 8300K [0x34310000, 0x34f10000, 0x38310000)
   the space 12288K,  67% used [0x34310000, 0x34b2b248, 0x34b2b400, 0x34f10000)
    ro space 10240K,  45% used [0x38310000, 0x38793960, 0x38793a00, 0x38d10000)
    rw space 12288K,  54% used [0x38d10000, 0x393974d8, 0x39397600, 0x39910000)
Event: 147.978 GC heap after
Heap after GC invocations=168 (full 6):
 def new generation   total 30912K, used 382K [0x24310000, 0x26490000, 0x29860000)
  eden space 27520K,   0% used [0x24310000, 0x24310000, 0x25df0000)
  from space 3392K,  11% used [0x26140000, 0x2619fbd8, 0x26490000)
  to   space 3392K,   0% used [0x25df0000, 0x25df0000, 0x26140000)
 tenured generation   total 68448K, used 65744K [0x29860000, 0x2db38000, 0x34310000)
   the space 68448K,  96% used [0x29860000, 0x2d894290, 0x2d894400, 0x2db38000)
 compacting perm gen  total 12288K, used 8300K [0x34310000, 0x34f10000, 0x38310000)
   the space 12288K,  67% used [0x34310000, 0x34b2b248, 0x34b2b400, 0x34f10000)
    ro space 10240K,  45% used [0x38310000, 0x38793960, 0x38793a00, 0x38d10000)
    rw space 12288K,  54% used [0x38d10000, 0x393974d8, 0x39397600, 0x39910000)
}
Event: 149.306 GC heap before
{Heap before GC invocations=168 (full 6):
 def new generation   total 30912K, used 27902K [0x24310000, 0x26490000, 0x29860000)
  eden space 27520K, 100% used [0x24310000, 0x25df0000, 0x25df0000)
  from space 3392K,  11% used [0x26140000, 0x2619fbd8, 0x26490000)
  to   space 3392K,   0% used [0x25df0000, 0x25df0000, 0x26140000)
 tenured generation   total 68448K, used 65744K [0x29860000, 0x2db38000, 0x34310000)
   the space 68448K,  96% used [0x29860000, 0x2d894290, 0x2d894400, 0x2db38000)
 compacting perm gen  total 12288K, used 8300K [0x34310000, 0x34f10000, 0x38310000)
   the space 12288K,  67% used [0x34310000, 0x34b2b248, 0x34b2b400, 0x34f10000)
    ro space 10240K,  45% used [0x38310000, 0x38793960, 0x38793a00, 0x38d10000)
    rw space 12288K,  54% used [0x38d10000, 0x393974d8, 0x39397600, 0x39910000)
Event: 149.308 GC heap after
Heap after GC invocations=169 (full 6):
 def new generation   total 30912K, used 369K [0x24310000, 0x26490000, 0x29860000)
  eden space 27520K,   0% used [0x24310000, 0x24310000, 0x25df0000)
  from space 3392K,  10% used [0x25df0000, 0x25e4c4b8, 0x26140000)
  to   space 3392K,   0% used [0x26140000, 0x26140000, 0x26490000)
 tenured generation   total 68448K, used 65744K [0x29860000, 0x2db38000, 0x34310000)
   the space 68448K,  96% used [0x29860000, 0x2d894290, 0x2d894400, 0x2db38000)
 compacting perm gen  total 12288K, used 8300K [0x34310000, 0x34f10000, 0x38310000)
   the space 12288K,  67% used [0x34310000, 0x34b2b248, 0x34b2b400, 0x34f10000)
    ro space 10240K,  45% used [0x38310000, 0x38793960, 0x38793a00, 0x38d10000)
    rw space 12288K,  54% used [0x38d10000, 0x393974d8, 0x39397600, 0x39910000)
}
Event: 150.667 GC heap before
{Heap before GC invocations=169 (full 6):
 def new generation   total 30912K, used 27889K [0x24310000, 0x26490000, 0x29860000)
  eden space 27520K, 100% used [0x24310000, 0x25df0000, 0x25df0000)
  from space 3392K,  10% used [0x25df0000, 0x25e4c4b8, 0x26140000)
  to   space 3392K,   0% used [0x26140000, 0x26140000, 0x26490000)
 tenured generation   total 68448K, used 65744K [0x29860000, 0x2db38000, 0x34310000)
   the space 68448K,  96% used [0x29860000, 0x2d894290, 0x2d894400, 0x2db38000)
 compacting perm gen  total 12288K, used 8300K [0x34310000, 0x34f10000, 0x38310000)
   the space 12288K,  67% used [0x34310000, 0x34b2b248, 0x34b2b400, 0x34f10000)
    ro space 10240K,  45% used [0x38310000, 0x38793960, 0x38793a00, 0x38d10000)
    rw space 12288K,  54% used [0x38d10000, 0x393974d8, 0x39397600, 0x39910000)
Event: 150.669 GC heap after
Heap after GC invocations=170 (full 6):
 def new generation   total 30912K, used 309K [0x24310000, 0x26490000, 0x29860000)
  eden space 27520K,   0% used [0x24310000, 0x24310000, 0x25df0000)
  from space 3392K,   9% used [0x26140000, 0x2618d698, 0x26490000)
  to   space 3392K,   0% used [0x25df0000, 0x25df0000, 0x26140000)
 tenured generation   total 68448K, used 65744K [0x29860000, 0x2db38000, 0x34310000)
   the space 68448K,  96% used [0x29860000, 0x2d894290, 0x2d894400, 0x2db38000)
 compacting perm gen  total 12288K, used 8300K [0x34310000, 0x34f10000, 0x38310000)
   the space 12288K,  67% used [0x34310000, 0x34b2b248, 0x34b2b400, 0x34f10000)
    ro space 10240K,  45% used [0x38310000, 0x38793960, 0x38793a00, 0x38d10000)
    rw space 12288K,  54% used [0x38d10000, 0x393974d8, 0x39397600, 0x39910000)
}
Event: 152.012 GC heap before
{Heap before GC invocations=170 (full 6):
 def new generation   total 30912K, used 27829K [0x24310000, 0x26490000, 0x29860000)
  eden space 27520K, 100% used [0x24310000, 0x25df0000, 0x25df0000)
  from space 3392K,   9% used [0x26140000, 0x2618d698, 0x26490000)
  to   space 3392K,   0% used [0x25df0000, 0x25df0000, 0x26140000)
 tenured generation   total 68448K, used 65744K [0x29860000, 0x2db38000, 0x34310000)
   the space 68448K,  96% used [0x29860000, 0x2d894290, 0x2d894400, 0x2db38000)
 compacting perm gen  total 12288K, used 8300K [0x34310000, 0x34f10000, 0x38310000)
   the space 12288K,  67% used [0x34310000, 0x34b2b248, 0x34b2b400, 0x34f10000)
    ro space 10240K,  45% used [0x38310000, 0x38793960, 0x38793a00, 0x38d10000)
    rw space 12288K,  54% used [0x38d10000, 0x393974d8, 0x39397600, 0x39910000)
Event: 152.014 GC heap after
Heap after GC invocations=171 (full 6):
 def new generation   total 30912K, used 378K [0x24310000, 0x26490000, 0x29860000)
  eden space 27520K,   0% used [0x24310000, 0x24310000, 0x25df0000)
  from space 3392K,  11% used [0x25df0000, 0x25e4ea00, 0x26140000)
  to   space 3392K,   0% used [0x26140000, 0x26140000, 0x26490000)
 tenured generation   total 68448K, used 65744K [0x29860000, 0x2db38000, 0x34310000)
   the space 68448K,  96% used [0x29860000, 0x2d894290, 0x2d894400, 0x2db38000)
 compacting perm gen  total 12288K, used 8300K [0x34310000, 0x34f10000, 0x38310000)
   the space 12288K,  67% used [0x34310000, 0x34b2b248, 0x34b2b400, 0x34f10000)
    ro space 10240K,  45% used [0x38310000, 0x38793960, 0x38793a00, 0x38d10000)
    rw space 12288K,  54% used [0x38d10000, 0x393974d8, 0x39397600, 0x39910000)
}
Event: 153.363 GC heap before
{Heap before GC invocations=171 (full 6):
 def new generation   total 30912K, used 27898K [0x24310000, 0x26490000, 0x29860000)
  eden space 27520K, 100% used [0x24310000, 0x25df0000, 0x25df0000)
  from space 3392K,  11% used [0x25df0000, 0x25e4ea00, 0x26140000)
  to   space 3392K,   0% used [0x26140000, 0x26140000, 0x26490000)
 tenured generation   total 68448K, used 65744K [0x29860000, 0x2db38000, 0x34310000)
   the space 68448K,  96% used [0x29860000, 0x2d894290, 0x2d894400, 0x2db38000)
 compacting perm gen  total 12288K, used 8300K [0x34310000, 0x34f10000, 0x38310000)
   the space 12288K,  67% used [0x34310000, 0x34b2b248, 0x34b2b400, 0x34f10000)
    ro space 10240K,  45% used [0x38310000, 0x38793960, 0x38793a00, 0x38d10000)
    rw space 12288K,  54% used [0x38d10000, 0x393974d8, 0x39397600, 0x39910000)
Event: 153.365 GC heap after
Heap after GC invocations=172 (full 6):
 def new generation   total 30912K, used 315K [0x24310000, 0x26490000, 0x29860000)
  eden space 27520K,   0% used [0x24310000, 0x24310000, 0x25df0000)
  from space 3392K,   9% used [0x26140000, 0x2618ef38, 0x26490000)
  to   space 3392K,   0% used [0x25df0000, 0x25df0000, 0x26140000)
 tenured generation   total 68448K, used 65744K [0x29860000, 0x2db38000, 0x34310000)
   the space 68448K,  96% used [0x29860000, 0x2d894290, 0x2d894400, 0x2db38000)
 compacting perm gen  total 12288K, used 8300K [0x34310000, 0x34f10000, 0x38310000)
   the space 12288K,  67% used [0x34310000, 0x34b2b248, 0x34b2b400, 0x34f10000)
    ro space 10240K,  45% used [0x38310000, 0x38793960, 0x38793a00, 0x38d10000)
    rw space 12288K,  54% used [0x38d10000, 0x393974d8, 0x39397600, 0x39910000)
}

Deoptimization events (0 events):
No events

Internal exceptions (10 events):
Event: 154.262 Thread 0x05d1f000 Threw 0x25493210 at C:\jdk7u5_32P\jdk7u5\hotspot\src\share\vm\runtime\sharedRuntime.cpp:613
Event: 154.262 Thread 0x05d1f000 Threw 0x25493368 at C:\jdk7u5_32P\jdk7u5\hotspot\src\share\vm\runtime\sharedRuntime.cpp:613
Event: 154.262 Thread 0x05d1f000 Threw 0x254934d8 at C:\jdk7u5_32P\jdk7u5\hotspot\src\share\vm\runtime\sharedRuntime.cpp:613
Event: 154.262 Thread 0x05d1f000 Threw 0x25493630 at C:\jdk7u5_32P\jdk7u5\hotspot\src\share\vm\runtime\sharedRuntime.cpp:613
Event: 154.262 Thread 0x05d1f000 Threw 0x254937a0 at C:\jdk7u5_32P\jdk7u5\hotspot\src\share\vm\runtime\sharedRuntime.cpp:613
Event: 154.262 Thread 0x05d1f000 Threw 0x254938f8 at C:\jdk7u5_32P\jdk7u5\hotspot\src\share\vm\runtime\sharedRuntime.cpp:613
Event: 154.379 Thread 0x05d1f000 Threw 0x257800d8 at C:\jdk7u5_32P\jdk7u5\hotspot\src\share\vm\prims\jvm.cpp:1166
Event: 154.380 Thread 0x05d1f000 Threw 0x257a4e20 at C:\jdk7u5_32P\jdk7u5\hotspot\src\share\vm\prims\jvm.cpp:1166
Event: 154.380 Thread 0x05d1f000 Threw 0x257b0590 at C:\jdk7u5_32P\jdk7u5\hotspot\src\share\vm\prims\jvm.cpp:1166
Event: 154.382 Thread 0x05d1f000 Threw 0x257b4ce0 at C:\jdk7u5_32P\jdk7u5\hotspot\src\share\vm\prims\jvm.cpp:1166

Events (10 events):
Event: 154.396 Thread 0x09e5f000 Thread added: 0x09e5f000
Event: 154.396 Thread 0x09d38000 Thread exited: 0x09d38000
Event: 154.396 Thread 0x09e50800 Thread exited: 0x09e50800
Event: 154.396 Thread 0x09d38400 Thread exited: 0x09d38400
Event: 154.397 Thread 0x09e5f000 Thread exited: 0x09e5f000
Event: 154.397 loading class 0x39ab8170
Event: 154.397 loading class 0x39ab8170 done
Event: 154.408 loading class 0x09ce6d88
Event: 154.409 loading class 0x09ce6d88 done
Event: 154.409 Thread 0x09d37800 Thread exited: 0x09d37800


Dynamic libraries:
0x013d0000 - 0x013ff000 	C:\Program Files (x86)\Java\jdk1.7.0_05\bin\java.exe
0x77bd0000 - 0x77d50000 	C:\Windows\SysWOW64\ntdll.dll
0x77140000 - 0x77250000 	C:\Windows\syswow64\kernel32.dll
0x75340000 - 0x75386000 	C:\Windows\syswow64\KERNELBASE.dll
0x76fb0000 - 0x77050000 	C:\Windows\syswow64\ADVAPI32.dll
0x759b0000 - 0x75a5c000 	C:\Windows\syswow64\msvcrt.dll
0x75ed0000 - 0x75ee9000 	C:\Windows\SysWOW64\sechost.dll
0x75ef0000 - 0x75fe0000 	C:\Windows\syswow64\RPCRT4.dll
0x752b0000 - 0x75310000 	C:\Windows\syswow64\SspiCli.dll
0x752a0000 - 0x752ac000 	C:\Windows\syswow64\CRYPTBASE.dll
0x76eb0000 - 0x76fb0000 	C:\Windows\syswow64\USER32.dll
0x75890000 - 0x75920000 	C:\Windows\syswow64\GDI32.dll
0x75c00000 - 0x75c0a000 	C:\Windows\syswow64\LPK.dll
0x75390000 - 0x7542d000 	C:\Windows\syswow64\USP10.dll
0x714c0000 - 0x7165e000 	C:\Windows\WinSxS\x86_microsoft.windows.common-controls_6595b64144ccf1df_6.0.7601.17514_none_41e6975e2bd6f2b2\COMCTL32.dll
0x75e70000 - 0x75ec7000 	C:\Windows\syswow64\SHLWAPI.dll
0x75680000 - 0x756e0000 	C:\Windows\system32\IMM32.DLL
0x75d90000 - 0x75e5c000 	C:\Windows\syswow64\MSCTF.dll
0x732b0000 - 0x7336e000 	C:\Program Files (x86)\Java\jdk1.7.0_05\jre\bin\msvcr100.dll
0x5ad60000 - 0x5b0aa000 	C:\Program Files (x86)\Java\jdk1.7.0_05\jre\bin\client\jvm.dll
0x71d40000 - 0x71d47000 	C:\Windows\system32\WSOCK32.dll
0x772d0000 - 0x77305000 	C:\Windows\syswow64\WS2_32.dll
0x77ba0000 - 0x77ba6000 	C:\Windows\syswow64\NSI.dll
0x737a0000 - 0x737d2000 	C:\Windows\system32\WINMM.dll
0x75e60000 - 0x75e65000 	C:\Windows\syswow64\PSAPI.DLL
0x738c0000 - 0x738cc000 	C:\Program Files (x86)\Java\jdk1.7.0_05\jre\bin\verify.dll
0x73290000 - 0x732b0000 	C:\Program Files (x86)\Java\jdk1.7.0_05\jre\bin\java.dll
0x6dff0000 - 0x6e003000 	C:\Program Files (x86)\Java\jdk1.7.0_05\jre\bin\zip.dll
0x72bb0000 - 0x72bc6000 	C:\Windows\system32\CRYPTSP.dll
0x72b70000 - 0x72bab000 	C:\Windows\system32\rsaenh.dll
0x72980000 - 0x72997000 	C:\Windows\system32\USERENV.dll
0x72a30000 - 0x72a3b000 	C:\Windows\system32\profapi.dll
0x6dfd0000 - 0x6dfe4000 	C:\Program Files (x86)\Java\jdk1.7.0_05\jre\bin\net.dll
0x72c20000 - 0x72c51000 	C:\Program Files (x86)\Kabel Deutschland\Sicherheitspaket\FSPS\program\FSLSP.DLL
0x17330000 - 0x17347000 	c:\program files (x86)\kabel deutschland\sicherheitspaket\scanner-interface\fsgkiapi.dll
0x72be0000 - 0x72c1c000 	C:\Windows\system32\mswsock.dll
0x72400000 - 0x72406000 	C:\Windows\System32\wship6.dll
0x720f0000 - 0x72100000 	C:\Windows\system32\NLAapi.dll
0x717a0000 - 0x717b0000 	C:\Windows\system32\napinsp.dll
0x71780000 - 0x71792000 	C:\Windows\system32\pnrpnsp.dll
0x728f0000 - 0x72934000 	C:\Windows\system32\DNSAPI.dll
0x71770000 - 0x71778000 	C:\Windows\System32\winrnr.dll
0x71760000 - 0x7176d000 	C:\Windows\system32\wshbth.dll
0x72bd0000 - 0x72bd5000 	C:\Windows\System32\wshtcpip.dll
0x72950000 - 0x7296c000 	C:\Windows\system32\IPHLPAPI.DLL
0x72940000 - 0x72947000 	C:\Windows\system32\WINNSI.DLL
0x72410000 - 0x72416000 	C:\Windows\system32\rasadhlp.dll
0x719a0000 - 0x719d8000 	C:\Windows\System32\fwpuclnt.dll
0x6dfc0000 - 0x6dfcf000 	C:\Program Files (x86)\Java\jdk1.7.0_05\jre\bin\nio.dll
0x10000000 - 0x10055000 	C:\Users\Tobias\AppData\Local\Temp\jna642864579025862255.dll
0x00d90000 - 0x00db5000 	C:\Users\Tobias\AppData\Local\Temp\bluecove_Tobias_0\intelbth.dll
0x04b10000 - 0x04b83000 	I:\Dropbox\dfki\covida\CoVidA\native-libs\lwjgl.dll
0x5b330000 - 0x5b3f8000 	C:\Windows\system32\OPENGL32.dll
0x659e0000 - 0x65a02000 	C:\Windows\system32\GLU32.dll
0x5b240000 - 0x5b327000 	C:\Windows\system32\DDRAW.dll
0x65b00000 - 0x65b06000 	C:\Windows\system32\DCIMAN32.dll
0x75a60000 - 0x75bfd000 	C:\Windows\syswow64\SETUPAPI.dll
0x76d50000 - 0x76d77000 	C:\Windows\syswow64\CFGMGR32.dll
0x755f0000 - 0x7567f000 	C:\Windows\syswow64\OLEAUT32.dll
0x75c10000 - 0x75d6c000 	C:\Windows\syswow64\ole32.dll
0x75d70000 - 0x75d82000 	C:\Windows\syswow64\DEVOBJ.dll
0x71eb0000 - 0x71ec3000 	C:\Windows\system32\dwmapi.dll
0x751d0000 - 0x751d9000 	C:\Windows\system32\VERSION.dll
0x5b0f0000 - 0x5b232000 	C:\Program Files (x86)\Java\jdk1.7.0_05\jre\bin\awt.dll
0x71ed0000 - 0x71f50000 	C:\Windows\system32\uxtheme.dll
0x012b0000 - 0x012ef000 	C:\Program Files (x86)\Kabel Deutschland\Sicherheitspaket\Spam Control\fsscoepl.dll
0x76100000 - 0x76d4a000 	C:\Windows\syswow64\SHELL32.dll
0x59a80000 - 0x5ad59000 	C:\Windows\system32\nvoglv32.DLL
0x75140000 - 0x75161000 	C:\Windows\system32\ntmarta.dll
0x770c0000 - 0x77105000 	C:\Windows\syswow64\WLDAP32.dll
0x756e0000 - 0x75763000 	C:\Windows\syswow64\CLBCatQ.DLL
0x73560000 - 0x735d9000 	C:\Windows\system32\mscms.dll
0x64c50000 - 0x64c88000 	C:\Windows\system32\icm32.dll
0x64c20000 - 0x64c4a000 	C:\Program Files (x86)\Java\jdk1.7.0_05\jre\bin\fontmanager.dll
0x735e0000 - 0x73605000 	C:\Windows\system32\powrprof.dll
0x64ae0000 - 0x64b11000 	C:\Program Files (x86)\Java\jdk1.7.0_05\jre\bin\t2k.dll
0x64bf0000 - 0x64c15000 	C:\Program Files (x86)\Java\jdk1.7.0_05\jre\bin\jpeg.dll
0x647e0000 - 0x6480d000 	C:\Program Files (x86)\Java\jdk1.7.0_05\jre\bin\kcms.dll
0x647b0000 - 0x647d2000 	C:\Program Files (x86)\VideoLAN\VLC\libvlc.dll
0x59840000 - 0x59a75000 	C:\Program Files (x86)\VideoLAN\VLC\libvlccore.dll
0x73630000 - 0x736a2000 	C:\Windows\system32\dsound.dll
0x58e90000 - 0x58ea1000 	C:\Program Files (x86)\VideoLAN\VLC\plugins\codec\libspudec_plugin.dll
0x57f30000 - 0x58e84000 	C:\Program Files (x86)\VideoLAN\VLC\plugins\codec\libavcodec_plugin.dll
0x57cd0000 - 0x57d80000 	C:\Program Files (x86)\VideoLAN\VLC\plugins\text_renderer\libfreetype_plugin.dll
0x57c10000 - 0x57c81000 	C:\Program Files (x86)\VideoLAN\VLC\plugins\video_filter\libswscale_plugin.dll
0x734f0000 - 0x73529000 	C:\Windows\System32\MMDevApi.dll
0x71050000 - 0x71145000 	C:\Windows\System32\PROPSYS.dll
0x734b0000 - 0x734e6000 	C:\Windows\system32\AUDIOSES.DLL
0x578f0000 - 0x57902000 	C:\Program Files (x86)\VideoLAN\VLC\plugins\audio_filter\libaudio_format_plugin.dll
0x578e0000 - 0x578ef000 	C:\Program Files (x86)\VideoLAN\VLC\plugins\audio_mixer\libfloat32_mixer_plugin.dll
0x578d0000 - 0x578e0000 	C:\Program Files (x86)\VideoLAN\VLC\plugins\audio_filter\libscaletempo_plugin.dll
0x630a0000 - 0x630db000 	C:\Program Files (x86)\VideoLAN\VLC\plugins\access\libdshow_plugin.dll
0x63100000 - 0x63113000 	C:\Program Files (x86)\VideoLAN\VLC\plugins\audio_output\libaout_directx_plugin.dll
0x630e0000 - 0x630f2000 	C:\Program Files (x86)\VideoLAN\VLC\plugins\audio_output\libwaveout_plugin.dll
0x61b50000 - 0x61b68000 	C:\Program Files (x86)\VideoLAN\VLC\plugins\video_output\libdirectx_plugin.dll
0x64ad0000 - 0x64ae0000 	C:\Program Files (x86)\VideoLAN\VLC\plugins\mmxext\libmemcpymmxext_plugin.dll
0x63080000 - 0x63092000 	C:\Program Files (x86)\VideoLAN\VLC\plugins\control\libhotkeys_plugin.dll
0x61ab0000 - 0x61af3000 	C:\Program Files (x86)\VideoLAN\VLC\plugins\access\liblibbluray_plugin.dll
0x61b30000 - 0x61b4d000 	C:\Program Files (x86)\VideoLAN\VLC\plugins\access\libaccess_bd_plugin.dll
0x597a0000 - 0x597e5000 	C:\Program Files (x86)\VideoLAN\VLC\plugins\access\libdvdnav_plugin.dll
0x61b10000 - 0x61b22000 	C:\Program Files (x86)\VideoLAN\VLC\plugins\access\libaccess_vdr_plugin.dll
0x5b0b0000 - 0x5b0c1000 	C:\Program Files (x86)\VideoLAN\VLC\plugins\access\libfilesystem_plugin.dll
0x59720000 - 0x59793000 	C:\Program Files (x86)\VideoLAN\VLC\plugins\stream_filter\libstream_filter_httplive_plugin.dll
0x59660000 - 0x59717000 	C:\Program Files (x86)\VideoLAN\VLC\plugins\stream_filter\libstream_filter_dash_plugin.dll
0x647a0000 - 0x647b0000 	C:\Program Files (x86)\VideoLAN\VLC\plugins\access\libstream_filter_rar_plugin.dll
0x5b0d0000 - 0x5b0eb000 	C:\Program Files (x86)\VideoLAN\VLC\plugins\access\libzip_plugin.dll
0x61b00000 - 0x61b0f000 	C:\Program Files (x86)\VideoLAN\VLC\plugins\stream_filter\libstream_filter_record_plugin.dll
0x59800000 - 0x59836000 	C:\Program Files (x86)\VideoLAN\VLC\plugins\demux\libmp4_plugin.dll
0x59620000 - 0x59653000 	C:\Program Files (x86)\VideoLAN\VLC\plugins\codec\libpng_plugin.dll
0x63070000 - 0x63080000 	C:\Program Files (x86)\VideoLAN\VLC\plugins\codec\libcdg_plugin.dll
0x594d0000 - 0x59619000 	C:\Program Files (x86)\VideoLAN\VLC\plugins\codec\libschroedinger_plugin.dll
0x594b0000 - 0x594c3000 	C:\Program Files (x86)\VideoLAN\VLC\plugins\codec\libaraw_plugin.dll
0x59300000 - 0x594aa000 	C:\Program Files (x86)\VideoLAN\VLC\plugins\codec\libvorbis_plugin.dll
0x592e0000 - 0x592f1000 	C:\Program Files (x86)\VideoLAN\VLC\plugins\codec\libdts_plugin.dll
0x59270000 - 0x592d1000 	C:\Program Files (x86)\VideoLAN\VLC\plugins\codec\libfaad_plugin.dll
0x59240000 - 0x5926c000 	C:\Program Files (x86)\VideoLAN\VLC\plugins\codec\libspeex_plugin.dll
0x597f0000 - 0x59800000 	C:\Program Files (x86)\VideoLAN\VLC\plugins\codec\libaes3_plugin.dll
0x59160000 - 0x591c5000 	C:\Program Files (x86)\VideoLAN\VLC\plugins\codec\libtheora_plugin.dll
0x591f0000 - 0x59237000 	C:\Program Files (x86)\VideoLAN\VLC\plugins\codec\libflac_plugin.dll
0x58f90000 - 0x5915d000 	C:\Program Files (x86)\VideoLAN\VLC\plugins\codec\liblibass_plugin.dll
0x591d0000 - 0x591e1000 	C:\Program Files (x86)\VideoLAN\VLC\plugins\codec\libmpeg_audio_plugin.dll
0x58f50000 - 0x58f61000 	C:\Program Files (x86)\VideoLAN\VLC\plugins\codec\liblpcm_plugin.dll
0x57e80000 - 0x57f2c000 	C:\Program Files (x86)\VideoLAN\VLC\plugins\codec\libfluidsynth_plugin.dll
0x58f80000 - 0x58f90000 	C:\Program Files (x86)\VideoLAN\VLC\plugins\codec\liba52_plugin.dll
0x57ac0000 - 0x57c08000 	C:\Program Files (x86)\VideoLAN\VLC\plugins\meta_engine\libtaglib_plugin.dll
0x58ef0000 - 0x58f42000 	C:\Program Files (x86)\VideoLAN\VLC\plugins\lua\liblua_plugin.dll
0x58ed0000 - 0x58ee3000 	C:\Program Files (x86)\VideoLAN\VLC\plugins\sse2\libi420_yuy2_sse2_plugin.dll
0x58eb0000 - 0x58ec1000 	C:\Program Files (x86)\VideoLAN\VLC\plugins\mmx\libi420_yuy2_mmx_plugin.dll

VM Arguments:
jvm_args: -Djava.library.path=native-libs 
java_command: de.dfki.touchandwrite.Covida_twtable -d -a
Launcher Type: SUN_STANDARD

Environment Variables:
JAVA_HOME=C:\Program Files (x86)\Java\jdk1.7.0_05
PATH=C:\Python27\Lib\site-packages\PyQt4;C:\Program Files (x86)\NVIDIA Corporation\PhysX\Common;D:\maven\bin;C:\Program Files (x86)\MiKTeX 2.8\miktex\bin;E:/workspace/TouchAndWriteTable/touchandwrite-sdk/touchandwrite-inputanalyser/lib/;C:\Windows\system32;C:\Windows;C:\Windows\System32\Wbem;C:\Windows\System32\WindowsPowerShell\v1.0\;C:\Program Files (x86)\Calibre2\;C:\Program Files\TortoiseSVN\bin;C:\Program Files\TortoiseHg\;D:\javacc-5.0\bin\;C:\Users\Tobias\AppData\Roaming\MiKTeX\2.8\miktex\bin\;C:\Program Files (x86)\Mercurial
USERNAME=Tobias
OS=Windows_NT
PROCESSOR_IDENTIFIER=Intel64 Family 6 Model 30 Stepping 5, GenuineIntel



---------------  S Y S T E M  ---------------

OS: Windows 7 , 64 bit Build 7601 Service Pack 1

CPU:total 4 (4 cores per cpu, 1 threads per core) family 6 model 30 stepping 5, cmov, cx8, fxsr, mmx, sse, sse2, sse3, ssse3, sse4.1, sse4.2, popcnt, tsc, tscinvbit

Memory: 4k page, physical 8386612k(3176444k free), swap 8384760k(2644644k free)

vm_info: Java HotSpot(TM) Client VM (23.1-b03) for windows-x86 JRE (1.7.0_05-b05), built on May 15 2012 18:11:27 by "java_re" with unknown MS VC++:1600

time: Tue Aug 21 10:29:22 2012
elapsed time: 154 seconds

